#
# There is insufficient memory for the Java Runtime Environment to continue.
# Native memory allocation (mmap) failed to map 65536 bytes for Failed to commit metaspace.
# Possible reasons:
#   The system is out of physical RAM or swap space
#   The process is running with CompressedOops enabled, and the Java Heap may be blocking the growth of the native heap
# Possible solutions:
#   Reduce memory load on the system
#   Increase physical memory or swap space
#   Check if swap backing store is full
#   Decrease Java heap size (-Xmx/-Xms)
#   Decrease number of Java threads
#   Decrease Java thread stack sizes (-Xss)
#   Set larger code cache with -XX:ReservedCodeCacheSize=
#   JVM is running with Zero Based Compressed Oops mode in which the Java heap is
#     placed in the first 32GB address space. The Java Heap base address is the
#     maximum limit for the native heap growth. Please use -XX:HeapBaseMinAddress
#     to set the Java Heap base and to place the Java Heap above 32GB virtual address.
# This output file may be truncated or incomplete.
#
#  Out of Memory Error (virtualSpaceNode.cpp:110), pid=21300, tid=15028
#
# JRE version: Java(TM) SE Runtime Environment (20.0.1+9) (build 20.0.1+9-29)
# Java VM: Java HotSpot(TM) 64-Bit Server VM (20.0.1+9-29, mixed mode, sharing, tiered, compressed oops, compressed class ptrs, g1 gc, windows-amd64)
# No core dump will be written. Minidumps are not enabled by default on client versions of Windows
#

---------------  S U M M A R Y ------------

Command Line: -javaagent:C:\Program Files\JetBrains\IntelliJ IDEA Community Edition 2023.1.2\lib\idea_rt.jar=62882:C:\Program Files\JetBrains\IntelliJ IDEA Community Edition 2023.1.2\bin -Dfile.encoding=UTF-8 -Dsun.stdout.encoding=UTF-8 -Dsun.stderr.encoding=UTF-8 org.example.modelmappers.Main

Host: AMD Ryzen 3 3200U with Radeon Vega Mobile Gfx  , 4 cores, 9G,  Windows 11 , 64 bit Build 22621 (10.0.22621.3958)
Time: Wed Sep 25 14:52:50 2024 Hora est. Pacífico, Sudamérica elapsed time: 2.532789 seconds (0d 0h 0m 2s)

---------------  T H R E A D  ---------------

Current thread (0x0000016e5ebf04a0):  JavaThread "main" [_thread_in_vm, id=15028, stack(0x0000004d38a00000,0x0000004d38b00000)]

Stack: [0x0000004d38a00000,0x0000004d38b00000]
Native frames: (J=compiled Java code, j=interpreted, Vv=VM code, C=native code)
V  [jvm.dll+0x6bb95a]
V  [jvm.dll+0x8485fa]
V  [jvm.dll+0x84a1f5]
V  [jvm.dll+0x84a8f3]
V  [jvm.dll+0x280b0f]
V  [jvm.dll+0x84453b]
V  [jvm.dll+0x65fd86]
V  [jvm.dll+0x1eb4e7]
V  [jvm.dll+0x6627a2]
V  [jvm.dll+0x66258e]
V  [jvm.dll+0x66079e]
V  [jvm.dll+0x26da26]
V  [jvm.dll+0x21bea7]
V  [jvm.dll+0x211780]
V  [jvm.dll+0x59c26c]
V  [jvm.dll+0x7c3693]
V  [jvm.dll+0x7c3774]
V  [jvm.dll+0x46c524]
V  [jvm.dll+0x471a88]
C  [java.dll+0x17ec]

Java frames: (J=compiled Java code, j=interpreted, Vv=VM code)
J 668  java.lang.ClassLoader.defineClass1(Ljava/lang/ClassLoader;Ljava/lang/String;[BIILjava/security/ProtectionDomain;Ljava/lang/String;)Ljava/lang/Class; java.base@20.0.1 (0 bytes) @ 0x0000016e6ff916f1 [0x0000016e6ff91620+0x00000000000000d1]
J 824 c1 java.lang.ClassLoader.defineClass(Ljava/lang/String;[BIILjava/security/ProtectionDomain;)Ljava/lang/Class; java.base@20.0.1 (43 bytes) @ 0x0000016e686144e4 [0x0000016e68614180+0x0000000000000364]
J 702 c1 java.security.SecureClassLoader.defineClass(Ljava/lang/String;[BIILjava/security/CodeSource;)Ljava/lang/Class; java.base@20.0.1 (16 bytes) @ 0x0000016e685c39f4 [0x0000016e685c3920+0x00000000000000d4]
J 654 c1 jdk.internal.loader.BuiltinClassLoader.defineClass(Ljava/lang/String;Ljdk/internal/loader/Resource;)Ljava/lang/Class; java.base@20.0.1 (121 bytes) @ 0x0000016e6858ed5c [0x0000016e6858de00+0x0000000000000f5c]
J 539 c1 jdk.internal.loader.BuiltinClassLoader.findClassOnClassPathOrNull(Ljava/lang/String;)Ljava/lang/Class; java.base@20.0.1 (64 bytes) @ 0x0000016e6854b4fc [0x0000016e6854a7e0+0x0000000000000d1c]
J 408 c1 jdk.internal.loader.BuiltinClassLoader.loadClassOrNull(Ljava/lang/String;Z)Ljava/lang/Class; java.base@20.0.1 (143 bytes) @ 0x0000016e68507e3c [0x0000016e685073c0+0x0000000000000a7c]
J 479 c1 jdk.internal.loader.ClassLoaders$AppClassLoader.loadClass(Ljava/lang/String;Z)Ljava/lang/Class; java.base@20.0.1 (40 bytes) @ 0x0000016e68520ccc [0x0000016e68520ae0+0x00000000000001ec]
J 477 c1 java.lang.ClassLoader.loadClass(Ljava/lang/String;)Ljava/lang/Class; java.base@20.0.1 (7 bytes) @ 0x0000016e68520234 [0x0000016e68520120+0x0000000000000114]
v  ~StubRoutines::call_stub 0x0000016e6f9c100d
j  org.modelmapper.internal.bytebuddy.implementation.bytecode.Removal.of(Lorg/modelmapper/internal/bytebuddy/description/type/TypeDefinition;)Lorg/modelmapper/internal/bytebuddy/implementation/bytecode/StackManipulation;+0
j  org.modelmapper.internal.bytebuddy.implementation.bytecode.assign.primitive.VoidAwareAssigner.assign(Lorg/modelmapper/internal/bytebuddy/description/type/TypeDescription$Generic;Lorg/modelmapper/internal/bytebuddy/description/type/TypeDescription$Generic;Lorg/modelmapper/internal/bytebuddy/implementation/bytecode/assign/Assigner$Typing;)Lorg/modelmapper/internal/bytebuddy/implementation/bytecode/StackManipulation;+71
j  org.modelmapper.internal.bytebuddy.implementation.InvocationHandlerAdapter.apply(Lorg/modelmapper/internal/asm/MethodVisitor;Lorg/modelmapper/internal/bytebuddy/implementation/Implementation$Context;Lorg/modelmapper/internal/bytebuddy/description/method/MethodDescription;Lorg/modelmapper/internal/bytebuddy/implementation/bytecode/StackManipulation;Lorg/modelmapper/internal/bytebuddy/description/field/FieldDescription;)Lorg/modelmapper/internal/bytebuddy/implementation/bytecode/ByteCodeAppender$Size;+243
j  org.modelmapper.internal.bytebuddy.implementation.InvocationHandlerAdapter$ForInstance$Appender.apply(Lorg/modelmapper/internal/asm/MethodVisitor;Lorg/modelmapper/internal/bytebuddy/implementation/Implementation$Context;Lorg/modelmapper/internal/bytebuddy/description/method/MethodDescription;)Lorg/modelmapper/internal/bytebuddy/implementation/bytecode/ByteCodeAppender$Size;+56
j  org.modelmapper.internal.bytebuddy.dynamic.scaffold.TypeWriter$MethodPool$Record$ForDefinedMethod$WithBody.applyCode(Lorg/modelmapper/internal/asm/MethodVisitor;Lorg/modelmapper/internal/bytebuddy/implementation/Implementation$Context;)Lorg/modelmapper/internal/bytebuddy/implementation/bytecode/ByteCodeAppender$Size;+10
j  org.modelmapper.internal.bytebuddy.dynamic.scaffold.TypeWriter$MethodPool$Record$ForDefinedMethod$WithBody.applyBody(Lorg/modelmapper/internal/asm/MethodVisitor;Lorg/modelmapper/internal/bytebuddy/implementation/Implementation$Context;Lorg/modelmapper/internal/bytebuddy/implementation/attribute/AnnotationValueFilter$Factory;)V+13
j  org.modelmapper.internal.bytebuddy.dynamic.scaffold.TypeWriter$MethodPool$Record$ForDefinedMethod.apply(Lorg/modelmapper/internal/asm/ClassVisitor;Lorg/modelmapper/internal/bytebuddy/implementation/Implementation$Context;Lorg/modelmapper/internal/bytebuddy/implementation/attribute/AnnotationValueFilter$Factory;)V+162
j  org.modelmapper.internal.bytebuddy.dynamic.scaffold.TypeWriter$Default$ForCreation.create(Lorg/modelmapper/internal/bytebuddy/dynamic/scaffold/TypeInitializer;Lorg/modelmapper/internal/bytebuddy/dynamic/scaffold/TypeWriter$Default$ClassDumpAction$Dispatcher;)Lorg/modelmapper/internal/bytebuddy/dynamic/scaffold/TypeWriter$Default$UnresolvedType;+935
j  org.modelmapper.internal.bytebuddy.dynamic.scaffold.TypeWriter$Default.make(Lorg/modelmapper/internal/bytebuddy/dynamic/TypeResolutionStrategy$Resolved;)Lorg/modelmapper/internal/bytebuddy/dynamic/DynamicType$Unloaded;+38
j  org.modelmapper.internal.bytebuddy.dynamic.scaffold.subclass.SubclassDynamicTypeBuilder.make(Lorg/modelmapper/internal/bytebuddy/dynamic/TypeResolutionStrategy;Lorg/modelmapper/internal/bytebuddy/pool/TypePool;)Lorg/modelmapper/internal/bytebuddy/dynamic/DynamicType$Unloaded;+147
j  org.modelmapper.internal.bytebuddy.dynamic.scaffold.subclass.SubclassDynamicTypeBuilder.make(Lorg/modelmapper/internal/bytebuddy/dynamic/TypeResolutionStrategy;)Lorg/modelmapper/internal/bytebuddy/dynamic/DynamicType$Unloaded;+5
j  org.modelmapper.internal.bytebuddy.dynamic.DynamicType$Builder$AbstractBase.make()Lorg/modelmapper/internal/bytebuddy/dynamic/DynamicType$Unloaded;+4
j  org.modelmapper.internal.bytebuddy.dynamic.DynamicType$Builder$AbstractBase$Delegator.make()Lorg/modelmapper/internal/bytebuddy/dynamic/DynamicType$Unloaded;+4
j  org.modelmapper.internal.ProxyFactory.proxyFor(Ljava/lang/Class;Ljava/lang/reflect/InvocationHandler;Lorg/modelmapper/internal/Errors;Z)Ljava/lang/Object;+64
j  org.modelmapper.internal.ProxyFactory.proxyFor(Ljava/lang/Class;Ljava/lang/reflect/InvocationHandler;Lorg/modelmapper/internal/Errors;)Ljava/lang/Object;+9
j  org.modelmapper.internal.ReferenceMapExpressionImpl.<init>(Lorg/modelmapper/internal/TypeMapImpl;Lorg/modelmapper/internal/ExplicitMappingBuilder$MappingOptions;)V+49
j  org.modelmapper.internal.ReferenceMapExpressionImpl.<init>(Lorg/modelmapper/internal/TypeMapImpl;)V+9
j  org.modelmapper.internal.TypeMapImpl.addMapping(Lorg/modelmapper/spi/SourceGetter;Lorg/modelmapper/spi/DestinationSetter;)Lorg/modelmapper/TypeMap;+5
j  org.example.modelmappers.Main.main([Ljava/lang/String;)V+28
v  ~StubRoutines::call_stub 0x0000016e6f9c100d

Compiled method (n/a)    2592  668     n 0       java.lang.ClassLoader::defineClass1 (native)
 total in heap  [0x0000016e6ff91490,0x0000016e6ff91ac0] = 1584
 relocation     [0x0000016e6ff915d8,0x0000016e6ff91610] = 56
 main code      [0x0000016e6ff91620,0x0000016e6ff91abe] = 1182
 stub code      [0x0000016e6ff91abe,0x0000016e6ff91ac0] = 2

[Constant Pool (empty)]

[MachCode]
[Entry Point]
  # {method} {0x00000008004365c8} 'defineClass1' '(Ljava/lang/ClassLoader;Ljava/lang/String;[BIILjava/security/ProtectionDomain;Ljava/lang/String;)Ljava/lang/Class;' in 'java/lang/ClassLoader'
  # parm0:    rdx:rdx   = 'java/lang/ClassLoader'
  # parm1:    r8:r8     = 'java/lang/String'
  # parm2:    r9:r9     = '[B'
  # parm3:    rdi       = int
  # parm4:    rsi       = int
  # parm5:    rcx:rcx   = 'java/security/ProtectionDomain'
  # parm6:    [sp+0xa0]   = 'java/lang/String'  (sp of caller)
  0x0000016e6ff91620: 448b 5208 | 49bb 0000 | 0000 0800 | 0000 4d03 | d349 3bc2 | 0f84 0600 

  0x0000016e6ff91638: ;   {runtime_call ic_miss_stub}
  0x0000016e6ff91638: 0000 e9c1 | 27a9 ff90 
[Verified Entry Point]
  0x0000016e6ff91640: 8984 2400 | 80ff ff55 | 488b ec48 | 81ec 9000 | 0000 6690 | 4181 7f20 | 0100 0000 

  0x0000016e6ff9165c: ;   {runtime_call StubRoutines (2)}
  0x0000016e6ff9165c: 7405 e85d | 6fa7 ff48 | 837d 1000 | 488d 4510 | 480f 4445 | 1048 8944 | 2440 4889 | 4c24 7048 
  0x0000016e6ff9167c: 83f9 0048 | 8d44 2470 | 480f 4444 | 2470 4889 | 4424 3848 | 8974 2430 | 4889 7c24 | 284c 894c 
  0x0000016e6ff9169c: 2458 4983 | f900 488d | 4424 5848 | 0f44 4424 | 5848 8944 | 2420 4c89 | 4424 5049 | 83f8 004c 
  0x0000016e6ff916bc: 8d4c 2450 | 4c0f 444c | 2450 4889 | 5424 4848 | 83fa 004c | 8d44 2448 | 4c0f 4444 

  0x0000016e6ff916d8: ;   {oop(a 'java/lang/Class'{0x000000076a05a628} = 'java/lang/ClassLoader')}
  0x0000016e6ff916d8: 2448 49be | 28a6 056a | 0700 0000 | 4c89 7424 | 784c 8d74 | 2478 498b | d6c5 f877 

  0x0000016e6ff916f4: ;   {internal_word}
  0x0000016e6ff916f4: 49ba f116 | f96f 6e01 | 0000 4d89 | 97c8 0200 | 0049 89a7 | c002 0000 

  0x0000016e6ff9170c: ;   {external_word}
  0x0000016e6ff9170c: 49ba e109 | 25ea f97f | 0000 4180 | 3a00 0f84 | 4e00 0000 | 5241 5041 

  0x0000016e6ff91724: ;   {metadata({method} {0x00000008004365c8} 'defineClass1' '(Ljava/lang/ClassLoader;Ljava/lang/String;[BIILjava/security/ProtectionDomain;Ljava/lang/String;)Ljava/lang/Class;' in 'java/lang/ClassLoader')}
  0x0000016e6ff91724: 5148 bac0 | 6543 0008 | 0000 0049 | 8bcf 4883 | ec20 40f6 | c40f 0f84 | 1900 0000 | 4883 ec08 
  0x0000016e6ff91744: ;   {runtime_call}
  0x0000016e6ff91744: 48b8 a006 | dce9 f97f | 0000 ffd0 | 4883 c408 | e90c 0000 

  0x0000016e6ff91758: ;   {runtime_call}
  0x0000016e6ff91758: 0048 b8a0 | 06dc e9f9 | 7f00 00ff | d048 83c4 | 2041 5941 | 585a 498d | 8fe0 0200 | 0041 c787 
  0x0000016e6ff91778: 7403 0000 | 0400 0000 

  0x0000016e6ff91780: ;   {runtime_call}
  0x0000016e6ff91780: 48b8 ac16 | 9013 fa7f | 0000 ffd0 | c5f8 7741 | c787 7403 | 0000 0500 | 0000 f083 | 4424 c000 
  0x0000016e6ff917a0: 493b af78 | 0300 000f | 870e 0000 | 0041 83bf | 7003 0000 | 000f 842b | 0000 00c5 | f877 4889 
  0x0000016e6ff917c0: 45f8 498b | cf4c 8be4 | 4883 ec20 | 4883 e4f0 

  0x0000016e6ff917d0: ;   {runtime_call}
  0x0000016e6ff917d0: 48b8 60fc | a8e9 f97f | 0000 ffd0 | 498b e44d | 33e4 488b | 45f8 41c7 | 8774 0300 | 0008 0000 
  0x0000016e6ff917f0: 0041 83bf | f003 0000 | 020f 8492 

  0x0000016e6ff917fc: ;   {external_word}
  0x0000016e6ff917fc: 0200 0049 | bae1 0925 | eaf9 7f00 | 0041 803a | 000f 844c | 0000 0048 

  0x0000016e6ff91814: ;   {metadata({method} {0x00000008004365c8} 'defineClass1' '(Ljava/lang/ClassLoader;Ljava/lang/String;[BIILjava/security/ProtectionDomain;Ljava/lang/String;)Ljava/lang/Class;' in 'java/lang/ClassLoader')}
  0x0000016e6ff91814: 8945 f848 | bac0 6543 | 0008 0000 | 0049 8bcf | 4883 ec20 | 40f6 c40f | 0f84 1900 | 0000 4883 
  0x0000016e6ff91834: ;   {runtime_call}
  0x0000016e6ff91834: ec08 48b8 | a006 dce9 | f97f 0000 | ffd0 4883 | c408 e90c 

  0x0000016e6ff91848: ;   {runtime_call}
  0x0000016e6ff91848: 0000 0048 | b8a0 06dc | e9f9 7f00 | 00ff d048 | 83c4 2048 | 8b45 f849 | c787 c002 | 0000 0000 
  0x0000016e6ff91868: 0000 49c7 | 87c8 0200 | 0000 0000 | 00c5 f877 | 4885 c00f | 84ed 0100 | 00a8 010f | 84e2 0100 
  0x0000016e6ff91888: 0048 8b40 | ff41 807f | 4000 0f84 | ce01 0000 | 4883 f800 | 0f84 c401 | 0000 498b | 4f28 4883 
  0x0000016e6ff918a8: f900 0f84 | 1400 0000 | 4883 e908 | 4989 4f28 | 4903 4f38 | 4889 01e9 | a201 0000 | 4881 ecd0 
  0x0000016e6ff918c8: 0000 0048 | 8904 2448 | 894c 2408 | 4889 5424 | 1048 8974 | 2418 4889 | 7c24 204c | 8944 2428 
  0x0000016e6ff918e8: 4c89 4c24 | 304c 8954 | 2438 4c89 | 5c24 40c5 | fb11 4424 | 50c5 fb11 | 4c24 58c5 | fb11 5424 
  0x0000016e6ff91908: 60c5 fb11 | 5c24 68c5 | fb11 6424 | 70c5 fb11 | 6c24 78c5 | fb11 b424 | 8000 0000 | c5fb 11bc 
  0x0000016e6ff91928: 2488 0000 | 00c5 7b11 | 8424 9000 | 0000 c57b | 118c 2498 | 0000 00c5 | 7b11 9424 | a000 0000 
  0x0000016e6ff91948: c57b 119c | 24a8 0000 | 00c5 7b11 | a424 b000 | 0000 c57b | 11ac 24b8 | 0000 00c5 | 7b11 b424 
  0x0000016e6ff91968: c000 0000 | c57b 11bc | 24c8 0000 | 0049 8bd7 | 488b c848 | 83ec 2040 | f6c4 0f0f | 8419 0000 
  0x0000016e6ff91988: 0048 83ec 

  0x0000016e6ff9198c: ;   {runtime_call}
  0x0000016e6ff9198c: 0848 b800 | 3d9c e9f9 | 7f00 00ff | d048 83c4 | 08e9 0c00 

  0x0000016e6ff919a0: ;   {runtime_call}
  0x0000016e6ff919a0: 0000 48b8 | 003d 9ce9 | f97f 0000 | ffd0 4883 | c420 c57b | 10bc 24c8 | 0000 00c5 | 7b10 b424 
  0x0000016e6ff919c0: c000 0000 | c57b 10ac | 24b8 0000 | 00c5 7b10 | a424 b000 | 0000 c57b | 109c 24a8 | 0000 00c5 
  0x0000016e6ff919e0: 7b10 9424 | a000 0000 | c57b 108c | 2498 0000 | 00c5 7b10 | 8424 9000 | 0000 c5fb | 10bc 2488 
  0x0000016e6ff91a00: 0000 00c5 | fb10 b424 | 8000 0000 | c5fb 106c | 2478 c5fb | 1064 2470 | c5fb 105c | 2468 c5fb 
  0x0000016e6ff91a20: 1054 2460 | c5fb 104c | 2458 c5fb | 1044 2450 | 4c8b 5c24 | 404c 8b54 | 2438 4c8b | 4c24 304c 
  0x0000016e6ff91a40: 8b44 2428 | 488b 7c24 | 2048 8b74 | 2418 488b | 5424 1048 | 8b4c 2408 | 488b 0424 | 4881 c4d0 
  0x0000016e6ff91a60: 0000 00c5 | f877 e903 | 0000 0048 | 8b00 498b | 8f50 0300 | 00c7 8100 | 0100 0000 | 0000 00c9 
  0x0000016e6ff91a80: 4983 7f08 | 000f 8501 | 0000 00c3 

  0x0000016e6ff91a8c: ;   {runtime_call StubRoutines (1)}
  0x0000016e6ff91a8c: e96f f4a2 | ffc5 f877 | 4889 45f8 | 4c8b e448 | 83ec 2048 

  0x0000016e6ff91aa0: ;   {runtime_call}
  0x0000016e6ff91aa0: 83e4 f048 | b840 3ddc | e9f9 7f00 | 00ff d049 | 8be4 4d33 | e448 8b45 | f8e9 41fd | ffff f4f4 
[/MachCode]


Compiled method (c1)    2615  824       3       java.lang.ClassLoader::defineClass (43 bytes)
 total in heap  [0x0000016e68613f90,0x0000016e686148c0] = 2352
 relocation     [0x0000016e686140d8,0x0000016e68614170] = 152
 main code      [0x0000016e68614180,0x0000016e68614618] = 1176
 stub code      [0x0000016e68614618,0x0000016e68614690] = 120
 metadata       [0x0000016e68614690,0x0000016e686146c0] = 48
 scopes data    [0x0000016e686146c0,0x0000016e686147b0] = 240
 scopes pcs     [0x0000016e686147b0,0x0000016e68614890] = 224
 dependencies   [0x0000016e68614890,0x0000016e68614898] = 8
 nul chk table  [0x0000016e68614898,0x0000016e686148c0] = 40

[Constant Pool (empty)]

[MachCode]
[Entry Point]
  # {method} {0x00000008004368f0} 'defineClass' '(Ljava/lang/String;[BIILjava/security/ProtectionDomain;)Ljava/lang/Class;' in 'java/lang/ClassLoader'
  # this:     rdx:rdx   = 'java/lang/ClassLoader'
  # parm0:    r8:r8     = 'java/lang/String'
  # parm1:    r9:r9     = '[B'
  # parm2:    rdi       = int
  # parm3:    rsi       = int
  # parm4:    rcx:rcx   = 'java/security/ProtectionDomain'
  #           [sp+0xc0]  (sp of caller)
  0x0000016e68614180: 448b 5208 | 49bb 0000 | 0000 0800 | 0000 4d03 | d34c 3bd0 

  0x0000016e68614194: ;   {runtime_call ic_miss_stub}
  0x0000016e68614194: 0f85 66fc | 4007 660f | 1f44 0000 
[Verified Entry Point]
  0x0000016e686141a0: 8984 2400 | 80ff ff55 | 4881 ecb0 | 0000 0090 | 4181 7f20 | 0100 0000 

  0x0000016e686141b8: ;   {runtime_call StubRoutines (2)}
  0x0000016e686141b8: 7405 e801 | 443f 0748 | 8954 2478 

  0x0000016e686141c4: ;   {metadata(method data for {method} {0x00000008004368f0} 'defineClass' '(Ljava/lang/String;[BIILjava/security/ProtectionDomain;)Ljava/lang/Class;' in 'java/lang/ClassLoader')}
  0x0000016e686141c4: 48bb 58eb | 1700 6e01 | 0000 8b83 | cc00 0000 | 83c0 0289 | 83cc 0000 | 0025 fe07 | 0000 83f8 
  0x0000016e686141e4: 000f 844f | 0300 0089 | b424 9400 | 0000 89bc | 2490 0000 | 004c 898c | 2488 0000 | 0048 8bda 
  0x0000016e68614204: ;   {metadata(method data for {method} {0x00000008004368f0} 'defineClass' '(Ljava/lang/String;[BIILjava/security/ProtectionDomain;)Ljava/lang/Class;' in 'java/lang/ClassLoader')}
  0x0000016e68614204: 48b8 58eb | 1700 6e01 | 0000 4883 | 8010 0100 | 0001 498b | d84c 8bc3 | 4c8b c948 | 8bca 488b 
  0x0000016e68614224: d148 899c | 2480 0000 

  0x0000016e6861422c: ;   {optimized virtual_call}
  0x0000016e6861422c: 0066 90e8 

  0x0000016e68614230: ; ImmutableOopMap {[120]=Oop [128]=Oop [136]=Oop }
                      ;*invokevirtual preDefineClass {reexecute=0 rethrow=0 return_oop=0}
                      ; - java.lang.ClassLoader::defineClass@4 (line 1011)
  0x0000016e68614230: ac7c f8ff | 4889 8424 | 9800 0000 | 488b 5424 

  0x0000016e68614240: ;   {metadata(method data for {method} {0x00000008004368f0} 'defineClass' '(Ljava/lang/String;[BIILjava/security/ProtectionDomain;)Ljava/lang/Class;' in 'java/lang/ClassLoader')}
  0x0000016e68614240: 7849 b858 | eb17 006e | 0100 0049 | 8380 4801 

  0x0000016e68614250: ;   {metadata(method data for {method} {0x0000000800436630} 'defineClassSourceLocation' '(Ljava/security/ProtectionDomain;)Ljava/lang/String;' in 'java/lang/ClassLoader')}
  0x0000016e68614250: 0000 0149 | b870 9c17 | 006e 0100 | 0041 8b90 | cc00 0000 | 83c2 0241 | 8990 cc00 | 0000 81e2 
  0x0000016e68614270: feff 1f00 | 83fa 000f | 84de 0200 | 0048 3b00 

  0x0000016e68614280: ;   {metadata(method data for {method} {0x0000000800436630} 'defineClassSourceLocation' '(Ljava/security/ProtectionDomain;)Ljava/lang/String;' in 'java/lang/ClassLoader')}
  0x0000016e68614280: 4c8b c048 | ba70 9c17 | 006e 0100 | 0048 8382 | 1001 0000 | 0144 8b40 | 1049 c1e0 | 0349 83f8 
  0x0000016e686142a0: ;   {metadata(method data for {method} {0x0000000800436630} 'defineClassSourceLocation' '(Ljava/security/ProtectionDomain;)Ljava/lang/String;' in 'java/lang/ClassLoader')}
  0x0000016e686142a0: 0048 ba70 | 9c17 006e | 0100 0048 | be58 0100 | 0000 0000 | 000f 850a | 0000 0048 | be48 0100 
  0x0000016e686142c0: 0000 0000 | 0048 8b3c | 3248 8d7f | 0148 893c | 320f 850f 

  0x0000016e686142d4: ;   {oop(NULL)}
  0x0000016e686142d4: 0000 0048 | bb00 0000 | 0000 0000 | 00e9 a901 | 0000 493b | 0049 8bd0 

  0x0000016e686142ec: ;   {metadata(method data for {method} {0x0000000800436630} 'defineClassSourceLocation' '(Ljava/security/ProtectionDomain;)Ljava/lang/String;' in 'java/lang/ClassLoader')}
  0x0000016e686142ec: 48be 709c | 1700 6e01 | 0000 4883 | 8668 0100 | 0001 418b | 500c 48c1 | e203 4883 

  0x0000016e68614308: ;   {metadata(method data for {method} {0x0000000800436630} 'defineClassSourceLocation' '(Ljava/security/ProtectionDomain;)Ljava/lang/String;' in 'java/lang/ClassLoader')}
  0x0000016e68614308: fa00 48be | 709c 1700 | 6e01 0000 | 48bf b001 | 0000 0000 | 0000 0f85 | 0a00 0000 | 48bf a001 
  0x0000016e68614328: 0000 0000 | 0000 488b | 1c3e 488d | 5b01 4889 | 1c3e 0f85 | 0f00 0000 

  0x0000016e68614340: ;   {oop(NULL)}
  0x0000016e68614340: 48bb 0000 | 0000 0000 | 0000 e940 

  0x0000016e6861434c: ;   {metadata(method data for {method} {0x0000000800436630} 'defineClassSourceLocation' '(Ljava/security/ProtectionDomain;)Ljava/lang/String;' in 'java/lang/ClassLoader')}
  0x0000016e6861434c: 0100 0048 | be70 9c17 | 006e 0100 | 0048 8386 | c001 0000 | 0148 3b02 

  0x0000016e68614364: ;   {metadata(method data for {method} {0x0000000800436630} 'defineClassSourceLocation' '(Ljava/security/ProtectionDomain;)Ljava/lang/String;' in 'java/lang/ClassLoader')}
  0x0000016e68614364: 4c8b c248 | be70 9c17 | 006e 0100 | 0048 8386 | f801 0000 

  0x0000016e68614378: ;   {metadata(method data for {method} {0x000000080001b3e0} 'toString' '()Ljava/lang/String;' in 'java/net/URL')}
  0x0000016e68614378: 0149 b8c8 | 5a15 006e | 0100 0041 | 8bb0 cc00 | 0000 83c6 | 0241 89b0 | cc00 0000 | 81e6 feff 
  0x0000016e68614398: 1f00 83fe | 000f 84e8 | 0100 004c 

  0x0000016e686143a4: ;   {metadata(method data for {method} {0x000000080001b3e0} 'toString' '()Ljava/lang/String;' in 'java/net/URL')}
  0x0000016e686143a4: 8bc2 48be | c85a 1500 | 6e01 0000 | 4883 8610 | 0100 0001 

  0x0000016e686143b8: ;   {metadata(method data for {method} {0x000000080042a128} 'toExternalForm' '()Ljava/lang/String;' in 'java/net/URL')}
  0x0000016e686143b8: 49b8 505c | 1500 6e01 | 0000 418b | b0cc 0000 | 0083 c602 | 4189 b0cc | 0000 0081 | e6fe ff1f 
  0x0000016e686143d8: 0083 fe00 | 0f84 ca01 | 0000 8b72 | 3848 c1e6 | 0348 3b06 

  0x0000016e686143ec: ;   {metadata(method data for {method} {0x000000080042a128} 'toExternalForm' '()Ljava/lang/String;' in 'java/net/URL')}
  0x0000016e686143ec: 4c8b c648 | bf50 5c15 | 006e 0100 | 0045 8b40 | 0849 ba00 | 0000 0008 | 0000 004d | 03c2 4c3b 
  0x0000016e6861440c: 8720 0100 | 0075 0d48 | 8387 2801 | 0000 01e9 | 6000 0000 | 4c3b 8730 | 0100 0075 | 0d48 8387 
  0x0000016e6861442c: 3801 0000 | 01e9 4a00 | 0000 4883 | bf20 0100 | 0000 7517 | 4c89 8720 | 0100 0048 | c787 2801 
  0x0000016e6861444c: 0000 0100 | 0000 e929 | 0000 0048 | 83bf 3001 | 0000 0075 | 174c 8987 | 3001 0000 | 48c7 8738 
  0x0000016e6861446c: 0100 0001 | 0000 00e9 | 0800 0000 | 4883 8710 | 0100 0001 | 4c8b c248 

  0x0000016e68614484: ;   {optimized virtual_call}
  0x0000016e68614484: 8bd6 90e8 

  0x0000016e68614488: ; ImmutableOopMap {[120]=Oop [128]=Oop [136]=Oop [152]=Oop }
                      ;*invokevirtual toExternalForm {reexecute=0 rethrow=0 return_oop=0}
                      ; - java.net.URL::toExternalForm@5 (line 1195)
                      ; - java.net.URL::toString@1 (line 1181)
                      ; - java.lang.ClassLoader::defineClassSourceLocation@22 (line 913)
                      ; - java.lang.ClassLoader::defineClass@12 (line 1012)
  0x0000016e68614488: 543b f8ff | 488b d848 | 8b84 2498 | 0000 008b | b424 9400 | 0000 8bbc | 2490 0000 | 004c 8b8c 
  0x0000016e686144a8: 2488 0000 | 004c 8b84 | 2480 0000 | 0048 8b54 

  0x0000016e686144b8: ;   {metadata(method data for {method} {0x00000008004368f0} 'defineClass' '(Ljava/lang/String;[BIILjava/security/ProtectionDomain;)Ljava/lang/Class;' in 'java/lang/ClassLoader')}
  0x0000016e686144b8: 2478 48b9 | 58eb 1700 | 6e01 0000 | 4883 8180 | 0100 0001 | 4c8b da49 | 8bd3 488b | c848 891c 
  0x0000016e686144d8: 2466 0f1f 

  0x0000016e686144dc: ;   {static_call}
  0x0000016e686144dc: 4400 00e8 

  0x0000016e686144e0: ; ImmutableOopMap {[120]=Oop [152]=Oop }
                      ;*invokestatic defineClass1 {reexecute=0 rethrow=0 return_oop=0}
                      ; - java.lang.ClassLoader::defineClass@27 (line 1013)
  0x0000016e686144e0: 5cd1 9707 | 488b 5424 

  0x0000016e686144e8: ;   {metadata(method data for {method} {0x00000008004368f0} 'defineClass' '(Ljava/lang/String;[BIILjava/security/ProtectionDomain;)Ljava/lang/Class;' in 'java/lang/ClassLoader')}
  0x0000016e686144e8: 7849 b858 | eb17 006e | 0100 0049 | 8380 9001 | 0000 014c | 8bc0 4c8b | 8c24 9800 | 0000 488b 
  0x0000016e68614508: 5424 7848 | 8984 24a0 | 0000 000f 

  0x0000016e68614514: ;   {optimized virtual_call}
  0x0000016e68614514: 1f40 00e8 

  0x0000016e68614518: ; ImmutableOopMap {[160]=Oop }
                      ;*invokevirtual postDefineClass {reexecute=0 rethrow=0 return_oop=0}
                      ; - java.lang.ClassLoader::defineClass@37 (line 1014)
  0x0000016e68614518: 64aa f8ff | 488b 8424 | a000 0000 | 4881 c4b0 | 0000 005d 

  0x0000016e6861452c: ;   {poll_return}
  0x0000016e6861452c: 493b a778 | 0300 000f | 8799 0000 

  0x0000016e68614538: ;   {metadata({method} {0x00000008004368f0} 'defineClass' '(Ljava/lang/String;[BIILjava/security/ProtectionDomain;)Ljava/lang/Class;' in 'java/lang/ClassLoader')}
  0x0000016e68614538: 00c3 49ba | e868 4300 | 0800 0000 | 4c89 5424 | 0848 c704 | 24ff ffff 

  0x0000016e68614550: ;   {runtime_call counter_overflow Runtime1 stub}
  0x0000016e68614550: ffe8 2af7 

  0x0000016e68614554: ; ImmutableOopMap {rdx=Oop r8=Oop r9=Oop rcx=Oop [120]=Oop }
                      ;*synchronization entry
                      ; - java.lang.ClassLoader::defineClass@-1 (line 1011)
  0x0000016e68614554: 4c07 e990 

  0x0000016e68614558: ;   {metadata({method} {0x0000000800436630} 'defineClassSourceLocation' '(Ljava/security/ProtectionDomain;)Ljava/lang/String;' in 'java/lang/ClassLoader')}
  0x0000016e68614558: fcff ff49 | ba28 6643 | 0008 0000 | 004c 8954 | 2408 48c7 | 0424 ffff 

  0x0000016e68614570: ;   {runtime_call counter_overflow Runtime1 stub}
  0x0000016e68614570: ffff e809 

  0x0000016e68614574: ; ImmutableOopMap {rax=Oop [120]=Oop [128]=Oop [136]=Oop [152]=Oop }
                      ;*synchronization entry
                      ; - java.lang.ClassLoader::defineClassSourceLocation@-1 (line 910)
                      ; - java.lang.ClassLoader::defineClass@12 (line 1012)
  0x0000016e68614574: f74c 07e9 | 01fd ffff 

  0x0000016e6861457c: ;   {runtime_call throw_null_pointer_exception Runtime1 stub}
  0x0000016e6861457c: e8ff a54c 

  0x0000016e68614580: ; ImmutableOopMap {rax=Oop [120]=Oop [128]=Oop [136]=Oop [152]=Oop }
                      ;*invokevirtual getCodeSource {reexecute=0 rethrow=0 return_oop=0}
                      ; - java.lang.ClassLoader::defineClassSourceLocation@1 (line 910)
                      ; - java.lang.ClassLoader::defineClass@12 (line 1012)
                      ;   {runtime_call throw_null_pointer_exception Runtime1 stub}
  0x0000016e68614580: 07e8 faa5 

  0x0000016e68614584: ; ImmutableOopMap {rax=Oop r8=Oop [120]=Oop [128]=Oop [136]=Oop [152]=Oop }
                      ;*invokevirtual getLocation {reexecute=0 rethrow=0 return_oop=0}
                      ; - java.lang.ClassLoader::defineClassSourceLocation@12 (line 912)
                      ; - java.lang.ClassLoader::defineClass@12 (line 1012)
                      ;   {runtime_call throw_null_pointer_exception Runtime1 stub}
  0x0000016e68614584: 4c07 e8f5 

  0x0000016e68614588: ; ImmutableOopMap {rdx=Oop [120]=Oop [128]=Oop [136]=Oop [152]=Oop }
                      ;*invokevirtual toString {reexecute=0 rethrow=0 return_oop=0}
                      ; - java.lang.ClassLoader::defineClassSourceLocation@22 (line 913)
                      ; - java.lang.ClassLoader::defineClass@12 (line 1012)
                      ;   {metadata({method} {0x000000080001b3e0} 'toString' '()Ljava/lang/String;' in 'java/net/URL')}
  0x0000016e68614588: a54c 0749 | bad8 b301 | 0008 0000 | 004c 8954 | 2408 48c7 | 0424 ffff 

  0x0000016e686145a0: ;   {runtime_call counter_overflow Runtime1 stub}
  0x0000016e686145a0: ffff e8d9 

  0x0000016e686145a4: ; ImmutableOopMap {rdx=Oop [120]=Oop [128]=Oop [136]=Oop [152]=Oop }
                      ;*synchronization entry
                      ; - java.net.URL::toString@-1 (line 1181)
                      ; - java.lang.ClassLoader::defineClassSourceLocation@22 (line 913)
                      ; - java.lang.ClassLoader::defineClass@12 (line 1012)
  0x0000016e686145a4: f64c 07e9 | f7fd ffff 

  0x0000016e686145ac: ;   {metadata({method} {0x000000080042a128} 'toExternalForm' '()Ljava/lang/String;' in 'java/net/URL')}
  0x0000016e686145ac: 49ba 20a1 | 4200 0800 | 0000 4c89 | 5424 0848 | c704 24ff 

  0x0000016e686145c0: ;   {runtime_call counter_overflow Runtime1 stub}
  0x0000016e686145c0: ffff ffe8 

  0x0000016e686145c4: ; ImmutableOopMap {rdx=Oop [120]=Oop [128]=Oop [136]=Oop [152]=Oop }
                      ;*synchronization entry
                      ; - java.net.URL::toExternalForm@-1 (line 1195)
                      ; - java.net.URL::toString@1 (line 1181)
                      ; - java.lang.ClassLoader::defineClassSourceLocation@22 (line 913)
                      ; - java.lang.ClassLoader::defineClass@12 (line 1012)
  0x0000016e686145c4: b8f6 4c07 | e915 feff 

  0x0000016e686145cc: ;   {runtime_call throw_null_pointer_exception Runtime1 stub}
  0x0000016e686145cc: ffe8 aea5 

  0x0000016e686145d0: ; ImmutableOopMap {rdx=Oop rsi=Oop [120]=Oop [128]=Oop [136]=Oop [152]=Oop }
                      ;*invokevirtual toExternalForm {reexecute=0 rethrow=0 return_oop=0}
                      ; - java.net.URL::toExternalForm@5 (line 1195)
                      ; - java.net.URL::toString@1 (line 1181)
                      ; - java.lang.ClassLoader::defineClassSourceLocation@22 (line 913)
                      ; - java.lang.ClassLoader::defineClass@12 (line 1012)
                      ;   {internal_word}
  0x0000016e686145d0: 4c07 49ba | 2c45 6168 | 6e01 0000 | 4d89 9790 

  0x0000016e686145e0: ;   {runtime_call SafepointBlob}
  0x0000016e686145e0: 0300 00e9 | 9867 4107 | 498b 8728 | 0400 0049 | c787 2804 | 0000 0000 | 0000 49c7 | 8730 0400 
  0x0000016e68614600: 0000 0000 | 0048 81c4 | b000 0000 

  0x0000016e6861460c: ;   {runtime_call unwind_exception Runtime1 stub}
  0x0000016e6861460c: 5de9 6e96 | 4c07 f4f4 | f4f4 f4f4 
[Stub Code]
  0x0000016e68614618: ;   {no_reloc}
  0x0000016e68614618: 0f1f 4400 

  0x0000016e6861461c: ;   {static_stub}
  0x0000016e6861461c: 0048 bb00 | 0000 0000 

  0x0000016e68614624: ;   {runtime_call}
  0x0000016e68614624: 0000 00e9 | fbff ffff 
[Exception Handler]
  0x0000016e6861462c: ;   {runtime_call handle_exception_from_callee Runtime1 stub}
  0x0000016e6861462c: e84f c34c 

  0x0000016e68614630: ;   {external_word}
  0x0000016e68614630: 0748 b9b0 | 23ff e9f9 | 7f00 0048 

  0x0000016e6861463c: ;   {runtime_call}
  0x0000016e6861463c: 83e4 f048 | b820 16cb | e9f9 7f00 | 00ff d0f4 
[Deopt Handler Code]
  0x0000016e6861464c: ;   {section_word}
  0x0000016e6861464c: 49ba 4c46 | 6168 6e01 | 0000 4152 

  0x0000016e68614658: ;   {runtime_call DeoptimizationBlob}
  0x0000016e68614658: e9c3 5941 

  0x0000016e6861465c: ;   {static_stub}
  0x0000016e6861465c: 0748 bb00 | 0000 0000 

  0x0000016e68614664: ;   {runtime_call}
  0x0000016e68614664: 0000 00e9 | fbff ffff 

  0x0000016e6861466c: ;   {static_stub}
  0x0000016e6861466c: 48bb 0000 | 0000 0000 

  0x0000016e68614674: ;   {runtime_call}
  0x0000016e68614674: 0000 e9fb 

  0x0000016e68614678: ;   {static_stub}
  0x0000016e68614678: ffff ff48 | bb00 0000 | 0000 0000 

  0x0000016e68614684: ;   {runtime_call}
  0x0000016e68614684: 00e9 fbff | ffff f4f4 | f4f4 f4f4 
[/MachCode]


Compiled method (c1)    2647  702       3       java.security.SecureClassLoader::defineClass (16 bytes)
 total in heap  [0x0000016e685c3790,0x0000016e685c3b60] = 976
 relocation     [0x0000016e685c38d8,0x0000016e685c3920] = 72
 main code      [0x0000016e685c3920,0x0000016e685c3a68] = 328
 stub code      [0x0000016e685c3a68,0x0000016e685c3ab8] = 80
 metadata       [0x0000016e685c3ab8,0x0000016e685c3ac0] = 8
 scopes data    [0x0000016e685c3ac0,0x0000016e685c3b08] = 72
 scopes pcs     [0x0000016e685c3b08,0x0000016e685c3b58] = 80
 dependencies   [0x0000016e685c3b58,0x0000016e685c3b60] = 8

[Constant Pool (empty)]

[MachCode]
[Entry Point]
  # {method} {0x000000080004dc48} 'defineClass' '(Ljava/lang/String;[BIILjava/security/CodeSource;)Ljava/lang/Class;' in 'java/security/SecureClassLoader'
  # this:     rdx:rdx   = 'java/security/SecureClassLoader'
  # parm0:    r8:r8     = 'java/lang/String'
  # parm1:    r9:r9     = '[B'
  # parm2:    rdi       = int
  # parm3:    rsi       = int
  # parm4:    rcx:rcx   = 'java/security/CodeSource'
  #           [sp+0x80]  (sp of caller)
  0x0000016e685c3920: 448b 5208 | 49bb 0000 | 0000 0800 | 0000 4d03 | d34c 3bd0 

  0x0000016e685c3934: ;   {runtime_call ic_miss_stub}
  0x0000016e685c3934: 0f85 c604 | 4607 660f | 1f44 0000 
[Verified Entry Point]
  0x0000016e685c3940: 8984 2400 | 80ff ff55 | 4883 ec70 | 4181 7f20 | 0100 0000 

  0x0000016e685c3954: ;   {runtime_call StubRoutines (2)}
  0x0000016e685c3954: 7405 e865 

  0x0000016e685c3958: ;   {metadata(method data for {method} {0x000000080004dc48} 'defineClass' '(Ljava/lang/String;[BIILjava/security/CodeSource;)Ljava/lang/Class;' in 'java/security/SecureClassLoader')}
  0x0000016e685c3958: 4c44 0748 | bb18 7417 | 006e 0100 | 008b 83cc | 0000 0083 | c002 8983 | cc00 0000 | 25fe 0700 
  0x0000016e685c3978: 0083 f800 | 0f84 8500 | 0000 8974 | 245c 897c | 2458 4c89 | 4c24 504c | 8944 2448 

  0x0000016e685c3994: ;   {metadata(method data for {method} {0x000000080004dc48} 'defineClass' '(Ljava/lang/String;[BIILjava/security/CodeSource;)Ljava/lang/Class;' in 'java/security/SecureClassLoader')}
  0x0000016e685c3994: 488b da48 | b818 7417 | 006e 0100 | 0048 8380 | 1001 0000 | 014c 8bc1 | 488b c248 | 8bd0 4889 
  0x0000016e685c39b4: ;   {optimized virtual_call}
  0x0000016e685c39b4: 4424 40e8 

  0x0000016e685c39b8: ; ImmutableOopMap {[64]=Oop [72]=Oop [80]=Oop }
                      ;*invokevirtual getProtectionDomain {reexecute=0 rethrow=0 return_oop=0}
                      ; - java.security.SecureClassLoader::defineClass@9 (line 150)
  0x0000016e685c39b8: 64bc fdff | 488b 5424 

  0x0000016e685c39c0: ;   {metadata(method data for {method} {0x000000080004dc48} 'defineClass' '(Ljava/lang/String;[BIILjava/security/CodeSource;)Ljava/lang/Class;' in 'java/security/SecureClassLoader')}
  0x0000016e685c39c0: 4049 b818 | 7417 006e | 0100 0049 | 8380 4801 | 0000 014c | 8b44 2448 | 4c8b 4c24 | 508b 7c24 
  0x0000016e685c39e0: 588b 7424 | 5c48 8bc8 | 488b 5424 

  0x0000016e685c39ec: ;   {optimized virtual_call}
  0x0000016e685c39ec: 4066 90e8 

  0x0000016e685c39f0: ; ImmutableOopMap {}
                      ;*invokevirtual defineClass {reexecute=0 rethrow=0 return_oop=0}
                      ; - java.security.SecureClassLoader::defineClass@12 (line 150)
  0x0000016e685c39f0: ac07 0500 | 4883 c470 

  0x0000016e685c39f8: ;   {poll_return}
  0x0000016e685c39f8: 5d49 3ba7 | 7803 0000 | 0f87 2200 

  0x0000016e685c3a04: ;   {metadata({method} {0x000000080004dc48} 'defineClass' '(Ljava/lang/String;[BIILjava/security/CodeSource;)Ljava/lang/Class;' in 'java/security/SecureClassLoader')}
  0x0000016e685c3a04: 0000 c349 | ba40 dc04 | 0008 0000 | 004c 8954 | 2408 48c7 | 0424 ffff 

  0x0000016e685c3a1c: ;   {runtime_call counter_overflow Runtime1 stub}
  0x0000016e685c3a1c: ffff e85d 

  0x0000016e685c3a20: ; ImmutableOopMap {rdx=Oop r8=Oop r9=Oop rcx=Oop }
                      ;*synchronization entry
                      ; - java.security.SecureClassLoader::defineClass@-1 (line 150)
  0x0000016e685c3a20: 0252 07e9 | 5aff ffff 

  0x0000016e685c3a28: ;   {internal_word}
  0x0000016e685c3a28: 49ba f939 | 5c68 6e01 | 0000 4d89 | 9790 0300 

  0x0000016e685c3a38: ;   {runtime_call SafepointBlob}
  0x0000016e685c3a38: 00e9 4273 | 4607 498b | 8728 0400 | 0049 c787 | 2804 0000 | 0000 0000 | 49c7 8730 | 0400 0000 
  0x0000016e685c3a58: 0000 0048 | 83c4 705d 

  0x0000016e685c3a60: ;   {runtime_call unwind_exception Runtime1 stub}
  0x0000016e685c3a60: e91b a251 | 07f4 f4f4 
[Exception Handler]
  0x0000016e685c3a68: ;   {no_reloc}
  0x0000016e685c3a68: e813 cf51 

  0x0000016e685c3a6c: ;   {external_word}
  0x0000016e685c3a6c: 0748 b9b0 | 23ff e9f9 | 7f00 0048 

  0x0000016e685c3a78: ;   {runtime_call}
  0x0000016e685c3a78: 83e4 f048 | b820 16cb | e9f9 7f00 | 00ff d0f4 
[Deopt Handler Code]
  0x0000016e685c3a88: ;   {section_word}
  0x0000016e685c3a88: 49ba 883a | 5c68 6e01 | 0000 4152 

  0x0000016e685c3a94: ;   {runtime_call DeoptimizationBlob}
  0x0000016e685c3a94: e987 6546 

  0x0000016e685c3a98: ;   {static_stub}
  0x0000016e685c3a98: 0748 bb00 | 0000 0000 

  0x0000016e685c3aa0: ;   {runtime_call}
  0x0000016e685c3aa0: 0000 00e9 | fbff ffff 

  0x0000016e685c3aa8: ;   {static_stub}
  0x0000016e685c3aa8: 48bb e868 | 4300 0800 

  0x0000016e685c3ab0: ;   {runtime_call I2C/C2I adapters}
  0x0000016e685c3ab0: 0000 e92e | 2e45 07f4 
[/MachCode]


---------------  P R O C E S S  ---------------

Threads class SMR info:
_java_thread_list=0x0000016e7d9fd1e0, length=12, elements={
0x0000016e5ebf04a0, 0x0000016e7d766c00, 0x0000016e7d76c350, 0x0000016e7d76e510,
0x0000016e7d772780, 0x0000016e7d775270, 0x0000016e7d7764f0, 0x0000016e7d779050,
0x0000016e7d786fc0, 0x0000016e7d733c10, 0x0000016e7dae9dd0, 0x0000016e7db00ca0
}

Java Threads: ( => current thread )
=>0x0000016e5ebf04a0 JavaThread "main" [_thread_in_vm, id=15028, stack(0x0000004d38a00000,0x0000004d38b00000)]
  0x0000016e7d766c00 JavaThread "Reference Handler" daemon [_thread_blocked, id=15860, stack(0x0000004d39100000,0x0000004d39200000)]
  0x0000016e7d76c350 JavaThread "Finalizer" daemon [_thread_blocked, id=21216, stack(0x0000004d39200000,0x0000004d39300000)]
  0x0000016e7d76e510 JavaThread "Signal Dispatcher" daemon [_thread_blocked, id=13780, stack(0x0000004d39300000,0x0000004d39400000)]
  0x0000016e7d772780 JavaThread "Attach Listener" daemon [_thread_blocked, id=15000, stack(0x0000004d39400000,0x0000004d39500000)]
  0x0000016e7d775270 JavaThread "Service Thread" daemon [_thread_blocked, id=20588, stack(0x0000004d39500000,0x0000004d39600000)]
  0x0000016e7d7764f0 JavaThread "Monitor Deflation Thread" daemon [_thread_blocked, id=13500, stack(0x0000004d39600000,0x0000004d39700000)]
  0x0000016e7d779050 JavaThread "C2 CompilerThread0" daemon [_thread_blocked, id=19948, stack(0x0000004d39700000,0x0000004d39800000)]
  0x0000016e7d786fc0 JavaThread "C1 CompilerThread0" daemon [_thread_blocked, id=13948, stack(0x0000004d39800000,0x0000004d39900000)]
  0x0000016e7d733c10 JavaThread "Common-Cleaner" daemon [_thread_blocked, id=16428, stack(0x0000004d39900000,0x0000004d39a00000)]
  0x0000016e7dae9dd0 JavaThread "Monitor Ctrl-Break" daemon [_thread_in_native, id=18652, stack(0x0000004d39b00000,0x0000004d39c00000)]
  0x0000016e7db00ca0 JavaThread "Notification Thread" daemon [_thread_blocked, id=9620, stack(0x0000004d39c00000,0x0000004d39d00000)]

Other Threads:
  0x0000016e7d749820 VMThread "VM Thread" [stack: 0x0000004d39000000,0x0000004d39100000] [id=20944]
  0x0000016e5ebf14c0 WatcherThread "VM Periodic Task Thread" [stack: 0x0000004d39d00000,0x0000004d39e00000] [id=15544]
  0x0000016e5ec424f0 WorkerThread "GC Thread#0" [stack: 0x0000004d38b00000,0x0000004d38c00000] [id=12096]
  0x0000016e7dcb74a0 WorkerThread "GC Thread#1" [stack: 0x0000004d39e00000,0x0000004d39f00000] [id=15140]
  0x0000016e7dec2d10 WorkerThread "GC Thread#2" [stack: 0x0000004d39f00000,0x0000004d3a000000] [id=11380]
  0x0000016e7e008e90 WorkerThread "GC Thread#3" [stack: 0x0000004d3a000000,0x0000004d3a100000] [id=19080]
  0x0000016e5ec4d390 ConcurrentGCThread "G1 Main Marker" [stack: 0x0000004d38c00000,0x0000004d38d00000] [id=17500]
  0x0000016e5ec4ef70 WorkerThread "G1 Conc#0" [stack: 0x0000004d38d00000,0x0000004d38e00000] [id=10612]
  0x0000016e5eca7b50 ConcurrentGCThread "G1 Refine#0" [stack: 0x0000004d38e00000,0x0000004d38f00000] [id=16592]
  0x0000016e7d610880 ConcurrentGCThread "G1 Service" [stack: 0x0000004d38f00000,0x0000004d39000000] [id=7692]

Threads with active compile tasks:

VM state: not at safepoint (normal execution)

VM Mutex/Monitor currently owned by a thread:  ([mutex/lock_event])
[0x0000016e5ebdcf60] Metaspace_lock - owner thread: 0x0000016e5ebf04a0

Heap address: 0x0000000760e00000, size: 2546 MB, Compressed Oops mode: Zero based, Oop shift amount: 3

CDS archive(s) mapped at: [0x0000000800000000-0x0000000800c60000-0x0000000800c60000), size 12976128, SharedBaseAddress: 0x0000000800000000, ArchiveRelocationMode: 0.
Compressed class space mapped at: 0x0000000801000000-0x0000000841000000, reserved size: 1073741824
Narrow klass base: 0x0000000800000000, Narrow klass shift: 0, Narrow klass range: 0x100000000

GC Precious Log:
 CardTable entry size: 512
 Card Set container configuration: InlinePtr #cards 4 size 8 Array Of Cards #cards 16 size 48 Howl #buckets 8 coarsen threshold 3686 Howl Bitmap #cards 512 size 80 coarsen threshold 460 Card regions per heap region 1 cards per card region 4096
 CPUs: 4 total, 4 available
 Memory: 10178M
 Large Page Support: Disabled
 NUMA Support: Disabled
 Compressed Oops: Enabled (Zero based)
 Heap Region Size: 2M
 Heap Min Capacity: 8M
 Heap Initial Capacity: 160M
 Heap Max Capacity: 2546M
 Pre-touch: Disabled
 Parallel Workers: 4
 Concurrent Workers: 1
 Concurrent Refinement Workers: 4
 Periodic GC: Disabled

Heap:
 garbage-first heap   total 163840K, used 3895K [0x0000000760e00000, 0x0000000800000000)
  region size 2048K, 3 young (6144K), 1 survivors (2048K)
 Metaspace       used 5145K, committed 5248K, reserved 1114112K
  class space    used 762K, committed 832K, reserved 1048576K

Heap Regions: E=young(eden), S=young(survivor), O=old, HS=humongous(starts), HC=humongous(continues), CS=collection set, F=free, OA=open archive, CA=closed archive, TAMS=top-at-mark-start, PB=parsable bottom
|   0|0x0000000760e00000, 0x0000000760e00000, 0x0000000761000000|  0%| F|  |TAMS 0x0000000760e00000| PB 0x0000000760e00000| Untracked 
|   1|0x0000000761000000, 0x0000000761000000, 0x0000000761200000|  0%| F|  |TAMS 0x0000000761000000| PB 0x0000000761000000| Untracked 
|   2|0x0000000761200000, 0x0000000761200000, 0x0000000761400000|  0%| F|  |TAMS 0x0000000761200000| PB 0x0000000761200000| Untracked 
|   3|0x0000000761400000, 0x0000000761400000, 0x0000000761600000|  0%| F|  |TAMS 0x0000000761400000| PB 0x0000000761400000| Untracked 
|   4|0x0000000761600000, 0x0000000761600000, 0x0000000761800000|  0%| F|  |TAMS 0x0000000761600000| PB 0x0000000761600000| Untracked 
|   5|0x0000000761800000, 0x0000000761800000, 0x0000000761a00000|  0%| F|  |TAMS 0x0000000761800000| PB 0x0000000761800000| Untracked 
|   6|0x0000000761a00000, 0x0000000761a00000, 0x0000000761c00000|  0%| F|  |TAMS 0x0000000761a00000| PB 0x0000000761a00000| Untracked 
|   7|0x0000000761c00000, 0x0000000761c00000, 0x0000000761e00000|  0%| F|  |TAMS 0x0000000761c00000| PB 0x0000000761c00000| Untracked 
|   8|0x0000000761e00000, 0x0000000761e00000, 0x0000000762000000|  0%| F|  |TAMS 0x0000000761e00000| PB 0x0000000761e00000| Untracked 
|   9|0x0000000762000000, 0x0000000762000000, 0x0000000762200000|  0%| F|  |TAMS 0x0000000762000000| PB 0x0000000762000000| Untracked 
|  10|0x0000000762200000, 0x0000000762200000, 0x0000000762400000|  0%| F|  |TAMS 0x0000000762200000| PB 0x0000000762200000| Untracked 
|  11|0x0000000762400000, 0x0000000762400000, 0x0000000762600000|  0%| F|  |TAMS 0x0000000762400000| PB 0x0000000762400000| Untracked 
|  12|0x0000000762600000, 0x0000000762600000, 0x0000000762800000|  0%| F|  |TAMS 0x0000000762600000| PB 0x0000000762600000| Untracked 
|  13|0x0000000762800000, 0x0000000762800000, 0x0000000762a00000|  0%| F|  |TAMS 0x0000000762800000| PB 0x0000000762800000| Untracked 
|  14|0x0000000762a00000, 0x0000000762a00000, 0x0000000762c00000|  0%| F|  |TAMS 0x0000000762a00000| PB 0x0000000762a00000| Untracked 
|  15|0x0000000762c00000, 0x0000000762c00000, 0x0000000762e00000|  0%| F|  |TAMS 0x0000000762c00000| PB 0x0000000762c00000| Untracked 
|  16|0x0000000762e00000, 0x0000000762e00000, 0x0000000763000000|  0%| F|  |TAMS 0x0000000762e00000| PB 0x0000000762e00000| Untracked 
|  17|0x0000000763000000, 0x0000000763000000, 0x0000000763200000|  0%| F|  |TAMS 0x0000000763000000| PB 0x0000000763000000| Untracked 
|  18|0x0000000763200000, 0x0000000763200000, 0x0000000763400000|  0%| F|  |TAMS 0x0000000763200000| PB 0x0000000763200000| Untracked 
|  19|0x0000000763400000, 0x0000000763400000, 0x0000000763600000|  0%| F|  |TAMS 0x0000000763400000| PB 0x0000000763400000| Untracked 
|  20|0x0000000763600000, 0x0000000763600000, 0x0000000763800000|  0%| F|  |TAMS 0x0000000763600000| PB 0x0000000763600000| Untracked 
|  21|0x0000000763800000, 0x0000000763800000, 0x0000000763a00000|  0%| F|  |TAMS 0x0000000763800000| PB 0x0000000763800000| Untracked 
|  22|0x0000000763a00000, 0x0000000763a00000, 0x0000000763c00000|  0%| F|  |TAMS 0x0000000763a00000| PB 0x0000000763a00000| Untracked 
|  23|0x0000000763c00000, 0x0000000763c00000, 0x0000000763e00000|  0%| F|  |TAMS 0x0000000763c00000| PB 0x0000000763c00000| Untracked 
|  24|0x0000000763e00000, 0x0000000763e00000, 0x0000000764000000|  0%| F|  |TAMS 0x0000000763e00000| PB 0x0000000763e00000| Untracked 
|  25|0x0000000764000000, 0x0000000764000000, 0x0000000764200000|  0%| F|  |TAMS 0x0000000764000000| PB 0x0000000764000000| Untracked 
|  26|0x0000000764200000, 0x0000000764200000, 0x0000000764400000|  0%| F|  |TAMS 0x0000000764200000| PB 0x0000000764200000| Untracked 
|  27|0x0000000764400000, 0x0000000764400000, 0x0000000764600000|  0%| F|  |TAMS 0x0000000764400000| PB 0x0000000764400000| Untracked 
|  28|0x0000000764600000, 0x0000000764600000, 0x0000000764800000|  0%| F|  |TAMS 0x0000000764600000| PB 0x0000000764600000| Untracked 
|  29|0x0000000764800000, 0x0000000764800000, 0x0000000764a00000|  0%| F|  |TAMS 0x0000000764800000| PB 0x0000000764800000| Untracked 
|  30|0x0000000764a00000, 0x0000000764a00000, 0x0000000764c00000|  0%| F|  |TAMS 0x0000000764a00000| PB 0x0000000764a00000| Untracked 
|  31|0x0000000764c00000, 0x0000000764c00000, 0x0000000764e00000|  0%| F|  |TAMS 0x0000000764c00000| PB 0x0000000764c00000| Untracked 
|  32|0x0000000764e00000, 0x0000000764e00000, 0x0000000765000000|  0%| F|  |TAMS 0x0000000764e00000| PB 0x0000000764e00000| Untracked 
|  33|0x0000000765000000, 0x0000000765000000, 0x0000000765200000|  0%| F|  |TAMS 0x0000000765000000| PB 0x0000000765000000| Untracked 
|  34|0x0000000765200000, 0x0000000765200000, 0x0000000765400000|  0%| F|  |TAMS 0x0000000765200000| PB 0x0000000765200000| Untracked 
|  35|0x0000000765400000, 0x0000000765400000, 0x0000000765600000|  0%| F|  |TAMS 0x0000000765400000| PB 0x0000000765400000| Untracked 
|  36|0x0000000765600000, 0x0000000765600000, 0x0000000765800000|  0%| F|  |TAMS 0x0000000765600000| PB 0x0000000765600000| Untracked 
|  37|0x0000000765800000, 0x0000000765800000, 0x0000000765a00000|  0%| F|  |TAMS 0x0000000765800000| PB 0x0000000765800000| Untracked 
|  38|0x0000000765a00000, 0x0000000765a00000, 0x0000000765c00000|  0%| F|  |TAMS 0x0000000765a00000| PB 0x0000000765a00000| Untracked 
|  39|0x0000000765c00000, 0x0000000765c00000, 0x0000000765e00000|  0%| F|  |TAMS 0x0000000765c00000| PB 0x0000000765c00000| Untracked 
|  40|0x0000000765e00000, 0x0000000765e00000, 0x0000000766000000|  0%| F|  |TAMS 0x0000000765e00000| PB 0x0000000765e00000| Untracked 
|  41|0x0000000766000000, 0x0000000766000000, 0x0000000766200000|  0%| F|  |TAMS 0x0000000766000000| PB 0x0000000766000000| Untracked 
|  42|0x0000000766200000, 0x0000000766200000, 0x0000000766400000|  0%| F|  |TAMS 0x0000000766200000| PB 0x0000000766200000| Untracked 
|  43|0x0000000766400000, 0x0000000766400000, 0x0000000766600000|  0%| F|  |TAMS 0x0000000766400000| PB 0x0000000766400000| Untracked 
|  44|0x0000000766600000, 0x0000000766600000, 0x0000000766800000|  0%| F|  |TAMS 0x0000000766600000| PB 0x0000000766600000| Untracked 
|  45|0x0000000766800000, 0x0000000766800000, 0x0000000766a00000|  0%| F|  |TAMS 0x0000000766800000| PB 0x0000000766800000| Untracked 
|  46|0x0000000766a00000, 0x0000000766a00000, 0x0000000766c00000|  0%| F|  |TAMS 0x0000000766a00000| PB 0x0000000766a00000| Untracked 
|  47|0x0000000766c00000, 0x0000000766c00000, 0x0000000766e00000|  0%| F|  |TAMS 0x0000000766c00000| PB 0x0000000766c00000| Untracked 
|  48|0x0000000766e00000, 0x0000000766e00000, 0x0000000767000000|  0%| F|  |TAMS 0x0000000766e00000| PB 0x0000000766e00000| Untracked 
|  49|0x0000000767000000, 0x0000000767000000, 0x0000000767200000|  0%| F|  |TAMS 0x0000000767000000| PB 0x0000000767000000| Untracked 
|  50|0x0000000767200000, 0x0000000767200000, 0x0000000767400000|  0%| F|  |TAMS 0x0000000767200000| PB 0x0000000767200000| Untracked 
|  51|0x0000000767400000, 0x0000000767400000, 0x0000000767600000|  0%| F|  |TAMS 0x0000000767400000| PB 0x0000000767400000| Untracked 
|  52|0x0000000767600000, 0x0000000767600000, 0x0000000767800000|  0%| F|  |TAMS 0x0000000767600000| PB 0x0000000767600000| Untracked 
|  53|0x0000000767800000, 0x0000000767800000, 0x0000000767a00000|  0%| F|  |TAMS 0x0000000767800000| PB 0x0000000767800000| Untracked 
|  54|0x0000000767a00000, 0x0000000767a00000, 0x0000000767c00000|  0%| F|  |TAMS 0x0000000767a00000| PB 0x0000000767a00000| Untracked 
|  55|0x0000000767c00000, 0x0000000767c00000, 0x0000000767e00000|  0%| F|  |TAMS 0x0000000767c00000| PB 0x0000000767c00000| Untracked 
|  56|0x0000000767e00000, 0x0000000767e00000, 0x0000000768000000|  0%| F|  |TAMS 0x0000000767e00000| PB 0x0000000767e00000| Untracked 
|  57|0x0000000768000000, 0x0000000768000000, 0x0000000768200000|  0%| F|  |TAMS 0x0000000768000000| PB 0x0000000768000000| Untracked 
|  58|0x0000000768200000, 0x0000000768200000, 0x0000000768400000|  0%| F|  |TAMS 0x0000000768200000| PB 0x0000000768200000| Untracked 
|  59|0x0000000768400000, 0x0000000768400000, 0x0000000768600000|  0%| F|  |TAMS 0x0000000768400000| PB 0x0000000768400000| Untracked 
|  60|0x0000000768600000, 0x0000000768600000, 0x0000000768800000|  0%| F|  |TAMS 0x0000000768600000| PB 0x0000000768600000| Untracked 
|  61|0x0000000768800000, 0x0000000768800000, 0x0000000768a00000|  0%| F|  |TAMS 0x0000000768800000| PB 0x0000000768800000| Untracked 
|  62|0x0000000768a00000, 0x0000000768a00000, 0x0000000768c00000|  0%| F|  |TAMS 0x0000000768a00000| PB 0x0000000768a00000| Untracked 
|  63|0x0000000768c00000, 0x0000000768c00000, 0x0000000768e00000|  0%| F|  |TAMS 0x0000000768c00000| PB 0x0000000768c00000| Untracked 
|  64|0x0000000768e00000, 0x0000000768e00000, 0x0000000769000000|  0%| F|  |TAMS 0x0000000768e00000| PB 0x0000000768e00000| Untracked 
|  65|0x0000000769000000, 0x0000000769000000, 0x0000000769200000|  0%| F|  |TAMS 0x0000000769000000| PB 0x0000000769000000| Untracked 
|  66|0x0000000769200000, 0x0000000769200000, 0x0000000769400000|  0%| F|  |TAMS 0x0000000769200000| PB 0x0000000769200000| Untracked 
|  67|0x0000000769400000, 0x0000000769400000, 0x0000000769600000|  0%| F|  |TAMS 0x0000000769400000| PB 0x0000000769400000| Untracked 
|  68|0x0000000769600000, 0x0000000769600000, 0x0000000769800000|  0%| F|  |TAMS 0x0000000769600000| PB 0x0000000769600000| Untracked 
|  69|0x0000000769800000, 0x0000000769800000, 0x0000000769a00000|  0%| F|  |TAMS 0x0000000769800000| PB 0x0000000769800000| Untracked 
|  70|0x0000000769a00000, 0x0000000769a00000, 0x0000000769c00000|  0%| F|  |TAMS 0x0000000769a00000| PB 0x0000000769a00000| Untracked 
|  71|0x0000000769c00000, 0x0000000769c00000, 0x0000000769e00000|  0%| F|  |TAMS 0x0000000769c00000| PB 0x0000000769c00000| Untracked 
|  72|0x0000000769e00000, 0x0000000769e00000, 0x000000076a000000|  0%| F|  |TAMS 0x0000000769e00000| PB 0x0000000769e00000| Untracked 
|  73|0x000000076a000000, 0x000000076a1cde78, 0x000000076a200000| 90%| S|CS|TAMS 0x000000076a000000| PB 0x000000076a000000| Complete 
|  74|0x000000076a200000, 0x000000076a200000, 0x000000076a400000|  0%| F|  |TAMS 0x000000076a200000| PB 0x000000076a200000| Untracked 
|  75|0x000000076a400000, 0x000000076a400000, 0x000000076a600000|  0%| F|  |TAMS 0x000000076a400000| PB 0x000000076a400000| Untracked 
|  76|0x000000076a600000, 0x000000076a600000, 0x000000076a800000|  0%| F|  |TAMS 0x000000076a600000| PB 0x000000076a600000| Untracked 
|  77|0x000000076a800000, 0x000000076a800000, 0x000000076aa00000|  0%| F|  |TAMS 0x000000076a800000| PB 0x000000076a800000| Untracked 
|  78|0x000000076aa00000, 0x000000076abdbb38, 0x000000076ac00000| 92%| E|  |TAMS 0x000000076aa00000| PB 0x000000076aa00000| Complete 
|  79|0x000000076ac00000, 0x000000076ae00000, 0x000000076ae00000|100%| E|CS|TAMS 0x000000076ac00000| PB 0x000000076ac00000| Complete 

Card table byte_map: [0x0000016e77fc0000,0x0000016e784c0000] _byte_map_base: 0x0000016e744b9000

Marking Bits: (CMBitMap*) 0x0000016e5ec42b20
 Bits: [0x0000016e789c0000, 0x0000016e7b188000)

Polling page: 0x0000016e5ecb0000

Metaspace:

Usage:
  Non-class:      4.28 MB used.
      Class:    762.67 KB used.
       Both:      5.02 MB used.

Virtual space:
  Non-class space:       64.00 MB reserved,       4.31 MB (  7%) committed,  1 nodes.
      Class space:        1.00 GB reserved,     832.00 KB ( <1%) committed,  1 nodes.
             Both:        1.06 GB reserved,       5.12 MB ( <1%) committed. 

Chunk freelists:
   Non-Class:  1.36 MB
       Class:  3.14 MB
        Both:  4.50 MB

MaxMetaspaceSize: unlimited
CompressedClassSpaceSize: 1.00 GB
Initial GC threshold: 21.00 MB
Current GC threshold: 21.00 MB
CDS: on
MetaspaceReclaimPolicy: balanced
 - commit_granule_bytes: 65536.
 - commit_granule_words: 8192.
 - virtual_space_node_default_size: 8388608.
 - enlarge_chunks_in_place: 1.
 - new_chunks_are_fully_committed: 0.
 - uncommit_free_chunks: 1.
 - use_allocation_guard: 0.


Internal statistics:

num_allocs_failed_limit: 0.
num_arena_births: 88.
num_arena_deaths: 0.
num_vsnodes_births: 2.
num_vsnodes_deaths: 0.
num_space_committed: 82.
num_space_uncommitted: 0.
num_chunks_returned_to_freelist: 0.
num_chunks_taken_from_freelist: 239.
num_chunk_merges: 0.
num_chunk_splits: 169.
num_chunks_enlarged: 128.
num_inconsistent_stats: 0.

CodeHeap 'non-profiled nmethods': size=120000Kb used=241Kb max_used=241Kb free=119758Kb
 bounds [0x0000016e6ff60000, 0x0000016e701d0000, 0x0000016e77490000]
CodeHeap 'profiled nmethods': size=120000Kb used=1635Kb max_used=1635Kb free=118364Kb
 bounds [0x0000016e68490000, 0x0000016e68700000, 0x0000016e6f9c0000]
CodeHeap 'non-nmethods': size=5760Kb used=1392Kb max_used=1406Kb free=4367Kb
 bounds [0x0000016e6f9c0000, 0x0000016e6fc30000, 0x0000016e6ff60000]
 total_blobs=1307 nmethods=871 adapters=347
 compilation: enabled
              stopped_count=0, restarted_count=0
 full_count=0

Compilation events (20 events):
Event: 2.504 Thread 0x0000016e7d786fc0  862       3       java.util.ArrayList::<init> (12 bytes)
Event: 2.504 Thread 0x0000016e7d786fc0 nmethod 862 0x0000016e68623290 code [0x0000016e68623440, 0x0000016e686236e8]
Event: 2.508 Thread 0x0000016e7d786fc0  863       3       org.modelmapper.internal.bytebuddy.description.type.TypeDescription$Generic$OfNonGenericType::<init> (5 bytes)
Event: 2.509 Thread 0x0000016e7d786fc0 nmethod 863 0x0000016e68623810 code [0x0000016e686239a0, 0x0000016e68623bc8]
Event: 2.512 Thread 0x0000016e7d786fc0  864       3       org.modelmapper.internal.bytebuddy.description.type.TypeDescription$Generic$OfNonGenericType::accept (8 bytes)
Event: 2.512 Thread 0x0000016e7d786fc0 nmethod 864 0x0000016e68623d10 code [0x0000016e68623ea0, 0x0000016e68624078]
Event: 2.512 Thread 0x0000016e7d786fc0  865       3       org.modelmapper.internal.bytebuddy.description.type.TypeList$Generic$AbstractBase::<init> (5 bytes)
Event: 2.513 Thread 0x0000016e7d786fc0 nmethod 865 0x0000016e68624190 code [0x0000016e68624340, 0x0000016e686245d0]
Event: 2.513 Thread 0x0000016e7d786fc0  866       3       org.modelmapper.internal.bytebuddy.description.type.TypeDescription$Generic$AnnotationReader$Delegator::<init> (5 bytes)
Event: 2.513 Thread 0x0000016e7d786fc0 nmethod 866 0x0000016e68624710 code [0x0000016e686248a0, 0x0000016e68624a08]
Event: 2.513 Thread 0x0000016e7d786fc0  867       3       org.modelmapper.internal.bytebuddy.description.type.TypeDescription$Generic$OfNonGenericType$ForLoadedType::<init> (15 bytes)
Event: 2.514 Thread 0x0000016e7d786fc0 nmethod 867 0x0000016e68624b10 code [0x0000016e68624cc0, 0x0000016e68625010]
Event: 2.514 Thread 0x0000016e7d786fc0  868       3       java.lang.invoke.LambdaForm$MH/0x00000008010c4000::invoke (60 bytes)
Event: 2.516 Thread 0x0000016e7d786fc0 nmethod 868 0x0000016e68625190 code [0x0000016e686253e0, 0x0000016e68625f28]
Event: 2.516 Thread 0x0000016e7d786fc0  870       3       org.modelmapper.internal.bytebuddy.description.type.TypeDefinition$Sort::describe (127 bytes)
Event: 2.518 Thread 0x0000016e7d786fc0 nmethod 870 0x0000016e68626290 code [0x0000016e68626600, 0x0000016e686281b0]
Event: 2.518 Thread 0x0000016e7d786fc0  869       3       org.modelmapper.internal.bytebuddy.description.method.ParameterList$AbstractBase::<init> (5 bytes)
Event: 2.519 Thread 0x0000016e7d786fc0 nmethod 869 0x0000016e68628810 code [0x0000016e686289c0, 0x0000016e68628c50]
Event: 2.519 Thread 0x0000016e7d786fc0  871       1       java.lang.Boolean::booleanValue (5 bytes)
Event: 2.519 Thread 0x0000016e7d786fc0 nmethod 871 0x0000016e6ff9c190 code [0x0000016e6ff9c300, 0x0000016e6ff9c3d0]

GC Heap History (2 events):
Event: 1.966 GC heap before
{Heap before GC invocations=0 (full 0):
 garbage-first heap   total 163840K, used 12288K [0x0000000760e00000, 0x0000000800000000)
  region size 2048K, 6 young (12288K), 0 survivors (0K)
 Metaspace       used 4080K, committed 4352K, reserved 1114112K
  class space    used 578K, committed 704K, reserved 1048576K
}
Event: 1.982 GC heap after
{Heap after GC invocations=1 (full 0):
 garbage-first heap   total 163840K, used 1847K [0x0000000760e00000, 0x0000000800000000)
  region size 2048K, 1 young (2048K), 1 survivors (2048K)
 Metaspace       used 4080K, committed 4352K, reserved 1114112K
  class space    used 578K, committed 704K, reserved 1048576K
}

Dll operation events (11 events):
Event: 0.029 Loaded shared library C:\Program Files\Java\jdk-20\bin\java.dll
Event: 0.061 Loaded shared library C:\Program Files\Java\jdk-20\bin\jsvml.dll
Event: 0.256 Loaded shared library C:\Program Files\Java\jdk-20\bin\zip.dll
Event: 0.262 Loaded shared library C:\Program Files\Java\jdk-20\bin\instrument.dll
Event: 0.276 Loaded shared library C:\Program Files\Java\jdk-20\bin\net.dll
Event: 0.280 Loaded shared library C:\Program Files\Java\jdk-20\bin\nio.dll
Event: 0.297 Loaded shared library C:\Program Files\Java\jdk-20\bin\zip.dll
Event: 0.327 Loaded shared library C:\Program Files\JetBrains\IntelliJ IDEA Community Edition 2023.1.2\bin\breakgen64.dll
Event: 0.356 Loaded shared library C:\Program Files\Java\jdk-20\bin\extnet.dll
Event: 0.382 Loaded shared library C:\Program Files\Java\jdk-20\bin\jimage.dll
Event: 0.724 Loaded shared library C:\Program Files\Java\jdk-20\bin\verify.dll

Deoptimization events (20 events):
Event: 1.233 Thread 0x0000016e5ebf04a0 DEOPT PACKING pc=0x0000016e6ff81d64 sp=0x0000004d38afc930
Event: 1.233 Thread 0x0000016e5ebf04a0 DEOPT UNPACKING pc=0x0000016e6fa29d22 sp=0x0000004d38afc8f0 mode 2
Event: 1.432 Thread 0x0000016e5ebf04a0 DEOPT PACKING pc=0x0000016e684dd12e sp=0x0000004d38afa710
Event: 1.432 Thread 0x0000016e5ebf04a0 DEOPT UNPACKING pc=0x0000016e6fa2a4c2 sp=0x0000004d38af9b88 mode 0
Event: 1.562 Thread 0x0000016e5ebf04a0 DEOPT PACKING pc=0x0000016e684fcc21 sp=0x0000004d38afdf30
Event: 1.562 Thread 0x0000016e5ebf04a0 DEOPT UNPACKING pc=0x0000016e6fa2a4c2 sp=0x0000004d38afd438 mode 0
Event: 1.618 Thread 0x0000016e5ebf04a0 DEOPT PACKING pc=0x0000016e68503b6e sp=0x0000004d38afdd10
Event: 1.618 Thread 0x0000016e5ebf04a0 DEOPT UNPACKING pc=0x0000016e6fa2a4c2 sp=0x0000004d38afd180 mode 0
Event: 2.167 Thread 0x0000016e5ebf04a0 Uncommon trap: trap_request=0xffffffde fr.pc=0x0000016e6ff8fa84 relative=0x0000000000000b64
Event: 2.167 Thread 0x0000016e5ebf04a0 Uncommon trap: reason=class_check action=maybe_recompile pc=0x0000016e6ff8fa84 method=java.util.HashMap.putVal(ILjava/lang/Object;Ljava/lang/Object;ZZ)Ljava/lang/Object; @ 91 c2
Event: 2.167 Thread 0x0000016e5ebf04a0 DEOPT PACKING pc=0x0000016e6ff8fa84 sp=0x0000004d38afe840
Event: 2.167 Thread 0x0000016e5ebf04a0 DEOPT UNPACKING pc=0x0000016e6fa29d22 sp=0x0000004d38afe800 mode 2
Event: 2.171 Thread 0x0000016e5ebf04a0 Uncommon trap: trap_request=0xffffffde fr.pc=0x0000016e6ff8fa84 relative=0x0000000000000b64
Event: 2.171 Thread 0x0000016e5ebf04a0 Uncommon trap: reason=class_check action=maybe_recompile pc=0x0000016e6ff8fa84 method=java.util.HashMap.putVal(ILjava/lang/Object;Ljava/lang/Object;ZZ)Ljava/lang/Object; @ 91 c2
Event: 2.171 Thread 0x0000016e5ebf04a0 DEOPT PACKING pc=0x0000016e6ff8fa84 sp=0x0000004d38afe840
Event: 2.171 Thread 0x0000016e5ebf04a0 DEOPT UNPACKING pc=0x0000016e6fa29d22 sp=0x0000004d38afe800 mode 2
Event: 2.452 Thread 0x0000016e5ebf04a0 DEOPT PACKING pc=0x0000016e68561e3f sp=0x0000004d38afdc20
Event: 2.452 Thread 0x0000016e5ebf04a0 DEOPT UNPACKING pc=0x0000016e6fa2a4c2 sp=0x0000004d38afd0a8 mode 0
Event: 2.472 Thread 0x0000016e5ebf04a0 DEOPT PACKING pc=0x0000016e685059e7 sp=0x0000004d38afde50
Event: 2.472 Thread 0x0000016e5ebf04a0 DEOPT UNPACKING pc=0x0000016e6fa2a4c2 sp=0x0000004d38afd328 mode 0

Classes loaded (20 events):
Event: 2.303 Loading class sun/reflect/annotation/TypeAnnotation$TypeAnnotationTarget
Event: 2.327 Loading class sun/reflect/annotation/TypeAnnotation$TypeAnnotationTarget done
Event: 2.328 Loading class sun/reflect/annotation/TypeAnnotationParser
Event: 2.331 Loading class sun/reflect/annotation/TypeAnnotationParser done
Event: 2.332 Loading class sun/reflect/annotation/TypeAnnotation
Event: 2.332 Loading class sun/reflect/annotation/TypeAnnotation done
Event: 2.332 Loading class sun/reflect/annotation/AnnotatedTypeFactory
Event: 2.333 Loading class sun/reflect/annotation/AnnotatedTypeFactory done
Event: 2.333 Loading class sun/reflect/annotation/AnnotatedTypeFactory$AnnotatedTypeBaseImpl
Event: 2.334 Loading class sun/reflect/annotation/AnnotatedTypeFactory$AnnotatedTypeBaseImpl done
Event: 2.334 Loading class sun/reflect/annotation/TypeAnnotation$LocationInfo
Event: 2.334 Loading class sun/reflect/annotation/TypeAnnotation$LocationInfo done
Event: 2.334 Loading class sun/reflect/annotation/TypeAnnotation$LocationInfo$Location
Event: 2.334 Loading class sun/reflect/annotation/TypeAnnotation$LocationInfo$Location done
Event: 2.429 Loading class jdk/internal/vm/annotation/IntrinsicCandidate
Event: 2.430 Loading class jdk/internal/vm/annotation/IntrinsicCandidate done
Event: 2.467 Loading class java/security/AccessControlException
Event: 2.467 Loading class java/security/AccessControlException done
Event: 2.467 Loading class java/security/PrivilegedActionException
Event: 2.467 Loading class java/security/PrivilegedActionException done

Classes unloaded (0 events):
No events

Classes redefined (0 events):
No events

Internal exceptions (13 events):
Event: 0.308 Thread 0x0000016e5ebf04a0 Exception <a 'java/lang/NoSuchMethodError'{0x000000076aa35db8}: 'void java.lang.invoke.DirectMethodHandle$Holder.invokeStatic(java.lang.Object, java.lang.Object, java.lang.Object)'> (0x000000076aa35db8) 
thrown [s\open\src\hotspot\share\interpreter\linkResolver.cpp, line 773]
Event: 0.319 Thread 0x0000016e5ebf04a0 Exception <a 'java/lang/NoSuchMethodError'{0x000000076aab0970}: 'java.lang.Object java.lang.invoke.Invokers$Holder.invokeExact_MT(java.lang.Object, java.lang.Object, java.lang.Object, java.lang.Object, java.lang.Object)'> (0x000000076aab0970) 
thrown [s\open\src\hotspot\share\interpreter\linkResolver.cpp, line 773]
Event: 0.359 Thread 0x0000016e7dae9dd0 Exception <a 'java/lang/NoSuchMethodError'{0x000000076aae5c88}: 'void java.lang.invoke.DirectMethodHandle$Holder.invokeStatic(java.lang.Object, java.lang.Object)'> (0x000000076aae5c88) 
thrown [s\open\src\hotspot\share\interpreter\linkResolver.cpp, line 773]
Event: 0.421 Thread 0x0000016e5ebf04a0 Exception <a 'java/lang/NoSuchMethodError'{0x000000076ab951d8}: 'java.lang.Object java.lang.invoke.DirectMethodHandle$Holder.invokeStatic(java.lang.Object, java.lang.Object, int)'> (0x000000076ab951d8) 
thrown [s\open\src\hotspot\share\interpreter\linkResolver.cpp, line 773]
Event: 0.425 Thread 0x0000016e5ebf04a0 Exception <a 'java/lang/NoSuchMethodError'{0x000000076aba0c18}: 'void java.lang.invoke.DelegatingMethodHandle$Holder.delegate(java.lang.Object, java.lang.Object, int, java.lang.Object)'> (0x000000076aba0c18) 
thrown [s\open\src\hotspot\share\interpreter\linkResolver.cpp, line 773]
Event: 0.429 Thread 0x0000016e5ebf04a0 Exception <a 'java/lang/NoSuchMethodError'{0x000000076aba4648}: 'int java.lang.invoke.DirectMethodHandle$Holder.invokeSpecial(java.lang.Object, java.lang.Object, java.lang.Object)'> (0x000000076aba4648) 
thrown [s\open\src\hotspot\share\interpreter\linkResolver.cpp, line 773]
Event: 0.437 Thread 0x0000016e5ebf04a0 Exception <a 'java/lang/NoSuchMethodError'{0x000000076abadcd0}: 'int java.lang.invoke.DirectMethodHandle$Holder.invokeSpecial(java.lang.Object, java.lang.Object, java.lang.Object, int)'> (0x000000076abadcd0) 
thrown [s\open\src\hotspot\share\interpreter\linkResolver.cpp, line 773]
Event: 0.443 Thread 0x0000016e5ebf04a0 Exception <a 'java/lang/NoSuchMethodError'{0x000000076abc0260}: 'java.lang.Object java.lang.invoke.DirectMethodHandle$Holder.invokeStatic(java.lang.Object, java.lang.Object, java.lang.Object, java.lang.Object, int)'> (0x000000076abc0260) 
thrown [s\open\src\hotspot\share\interpreter\linkResolver.cpp, line 773]
Event: 0.446 Thread 0x0000016e5ebf04a0 Exception <a 'java/lang/NoSuchMethodError'{0x000000076abcae58}: 'void java.lang.invoke.DelegatingMethodHandle$Holder.reinvoke_L(java.lang.Object, java.lang.Object, int)'> (0x000000076abcae58) 
thrown [s\open\src\hotspot\share\interpreter\linkResolver.cpp, line 773]
Event: 0.456 Thread 0x0000016e5ebf04a0 Exception <a 'java/lang/NoSuchMethodError'{0x000000076abdf210}: 'java.lang.Object java.lang.invoke.DirectMethodHandle$Holder.invokeVirtual(java.lang.Object, java.lang.Object, java.lang.Object)'> (0x000000076abdf210) 
thrown [s\open\src\hotspot\share\interpreter\linkResolver.cpp, line 773]
Event: 0.460 Thread 0x0000016e5ebf04a0 Exception <a 'java/lang/NoSuchMethodError'{0x000000076abe94a0}: 'int java.lang.invoke.DirectMethodHandle$Holder.invokeVirtual(java.lang.Object, java.lang.Object)'> (0x000000076abe94a0) 
thrown [s\open\src\hotspot\share\interpreter\linkResolver.cpp, line 773]
Event: 0.680 Thread 0x0000016e5ebf04a0 Exception <a 'java/lang/NoSuchMethodError'{0x000000076a8f9a20}: 'long java.lang.invoke.DirectMethodHandle$Holder.invokeVirtual(java.lang.Object, java.lang.Object)'> (0x000000076a8f9a20) 
thrown [s\open\src\hotspot\share\interpreter\linkResolver.cpp, line 773]
Event: 0.686 Thread 0x0000016e5ebf04a0 Exception <a 'java/lang/NoSuchMethodError'{0x000000076a901290}: 'void java.lang.invoke.DirectMethodHandle$Holder.invokeVirtual(java.lang.Object, java.lang.Object, long)'> (0x000000076a901290) 
thrown [s\open\src\hotspot\share\interpreter\linkResolver.cpp, line 773]

VM Operations (10 events):
Event: 0.221 Executing VM operation: HandshakeAllThreads
Event: 0.221 Executing VM operation: HandshakeAllThreads done
Event: 0.337 Executing VM operation: HandshakeAllThreads
Event: 0.345 Executing VM operation: HandshakeAllThreads done
Event: 0.603 Executing VM operation: HandshakeAllThreads
Event: 0.603 Executing VM operation: HandshakeAllThreads done
Event: 1.617 Executing VM operation: Cleanup
Event: 1.617 Executing VM operation: Cleanup done
Event: 1.966 Executing VM operation: G1CollectForAllocation
Event: 1.982 Executing VM operation: G1CollectForAllocation done

Events (12 events):
Event: 0.061 Thread 0x0000016e5ebf04a0 Thread added: 0x0000016e5ebf04a0
Event: 0.096 Thread 0x0000016e7d766c00 Thread added: 0x0000016e7d766c00
Event: 0.096 Thread 0x0000016e7d76c350 Thread added: 0x0000016e7d76c350
Event: 0.098 Thread 0x0000016e7d76e510 Thread added: 0x0000016e7d76e510
Event: 0.098 Thread 0x0000016e7d772780 Thread added: 0x0000016e7d772780
Event: 0.098 Thread 0x0000016e7d775270 Thread added: 0x0000016e7d775270
Event: 0.098 Thread 0x0000016e7d7764f0 Thread added: 0x0000016e7d7764f0
Event: 0.098 Thread 0x0000016e7d779050 Thread added: 0x0000016e7d779050
Event: 0.099 Thread 0x0000016e7d786fc0 Thread added: 0x0000016e7d786fc0
Event: 0.196 Thread 0x0000016e7d733c10 Thread added: 0x0000016e7d733c10
Event: 0.329 Thread 0x0000016e7dae9dd0 Thread added: 0x0000016e7dae9dd0
Event: 0.329 Thread 0x0000016e7db00ca0 Thread added: 0x0000016e7db00ca0


Dynamic libraries:
0x00007ff6ad5c0000 - 0x00007ff6ad5d0000 	C:\Program Files\Java\jdk-20\bin\java.exe
0x00007ffa2df50000 - 0x00007ffa2e167000 	C:\WINDOWS\SYSTEM32\ntdll.dll
0x00007ffa2c8a0000 - 0x00007ffa2c964000 	C:\WINDOWS\System32\KERNEL32.DLL
0x00007ffa2b270000 - 0x00007ffa2b61d000 	C:\WINDOWS\System32\KERNELBASE.dll
0x00007ffa2bac0000 - 0x00007ffa2bbd1000 	C:\WINDOWS\System32\ucrtbase.dll
0x00007ffa16a70000 - 0x00007ffa16a89000 	C:\Program Files\Java\jdk-20\bin\jli.dll
0x00007ffa2d520000 - 0x00007ffa2d5d2000 	C:\WINDOWS\System32\ADVAPI32.dll
0x00007ffa2c5d0000 - 0x00007ffa2c677000 	C:\WINDOWS\System32\msvcrt.dll
0x00007ffa2c410000 - 0x00007ffa2c4b9000 	C:\WINDOWS\System32\sechost.dll
0x00007ffa2bc50000 - 0x00007ffa2bc78000 	C:\WINDOWS\System32\bcrypt.dll
0x00007ffa2ca80000 - 0x00007ffa2cb94000 	C:\WINDOWS\System32\RPCRT4.dll
0x00007ffa2d8e0000 - 0x00007ffa2da8e000 	C:\WINDOWS\System32\USER32.dll
0x00007ffa2ba90000 - 0x00007ffa2bab6000 	C:\WINDOWS\System32\win32u.dll
0x00007ffa18900000 - 0x00007ffa1891b000 	C:\Program Files\Java\jdk-20\bin\VCRUNTIME140.dll
0x00007ffa2d6c0000 - 0x00007ffa2d6e9000 	C:\WINDOWS\System32\GDI32.dll
0x00007ffa2b970000 - 0x00007ffa2ba89000 	C:\WINDOWS\System32\gdi32full.dll
0x00007ffa2b8d0000 - 0x00007ffa2b96a000 	C:\WINDOWS\System32\msvcp_win.dll
0x00007ffa2a550000 - 0x00007ffa2a7e3000 	C:\WINDOWS\WinSxS\amd64_microsoft.windows.common-controls_6595b64144ccf1df_6.0.22621.3672_none_2713b9d173822955\COMCTL32.dll
0x00007ffa22570000 - 0x00007ffa2257a000 	C:\WINDOWS\SYSTEM32\VERSION.dll
0x00007ffa2ca30000 - 0x00007ffa2ca61000 	C:\WINDOWS\System32\IMM32.DLL
0x00007ffa2aa20000 - 0x00007ffa2aa2c000 	C:\Program Files\Java\jdk-20\bin\vcruntime140_1.dll
0x00007ffa02710000 - 0x00007ffa0279e000 	C:\Program Files\Java\jdk-20\bin\msvcp140.dll
0x00007ff9e96a0000 - 0x00007ff9ea337000 	C:\Program Files\Java\jdk-20\bin\server\jvm.dll
0x00007ffa22840000 - 0x00007ffa22849000 	C:\WINDOWS\SYSTEM32\WSOCK32.dll
0x00007ffa2be30000 - 0x00007ffa2bea1000 	C:\WINDOWS\System32\WS2_32.dll
0x00007ffa24580000 - 0x00007ffa245b4000 	C:\WINDOWS\SYSTEM32\WINMM.dll
0x00007ffa299a0000 - 0x00007ffa299b8000 	C:\WINDOWS\SYSTEM32\kernel.appcore.dll
0x00007ffa269e0000 - 0x00007ffa269ea000 	C:\Program Files\Java\jdk-20\bin\jimage.dll
0x00007ffa2aae0000 - 0x00007ffa2ad12000 	C:\WINDOWS\SYSTEM32\DBGHELP.DLL
0x00007ffa2beb0000 - 0x00007ffa2c23e000 	C:\WINDOWS\System32\combase.dll
0x00007ffa2d5e0000 - 0x00007ffa2d6b7000 	C:\WINDOWS\System32\OLEAUT32.dll
0x00007ffa2a9d0000 - 0x00007ffa2aa02000 	C:\WINDOWS\SYSTEM32\dbgcore.DLL
0x00007ffa2b620000 - 0x00007ffa2b69b000 	C:\WINDOWS\System32\bcryptPrimitives.dll
0x00007ffa13bf0000 - 0x00007ffa13bfe000 	C:\Program Files\Java\jdk-20\bin\instrument.dll
0x00007ffa13900000 - 0x00007ffa13926000 	C:\Program Files\Java\jdk-20\bin\java.dll
0x00007ff9fc970000 - 0x00007ff9fca47000 	C:\Program Files\Java\jdk-20\bin\jsvml.dll
0x00007ffa2cbb0000 - 0x00007ffa2d417000 	C:\WINDOWS\System32\SHELL32.dll
0x00007ffa28740000 - 0x00007ffa2903f000 	C:\WINDOWS\SYSTEM32\windows.storage.dll
0x00007ffa285f0000 - 0x00007ffa2872f000 	C:\WINDOWS\SYSTEM32\wintypes.dll
0x00007ffa2d420000 - 0x00007ffa2d519000 	C:\WINDOWS\System32\SHCORE.dll
0x00007ffa2c570000 - 0x00007ffa2c5ce000 	C:\WINDOWS\System32\shlwapi.dll
0x00007ffa2b1a0000 - 0x00007ffa2b1c7000 	C:\WINDOWS\SYSTEM32\profapi.dll
0x00007ffa06620000 - 0x00007ffa06638000 	C:\Program Files\Java\jdk-20\bin\zip.dll
0x00007ffa13950000 - 0x00007ffa13963000 	C:\Program Files\Java\jdk-20\bin\net.dll
0x00007ffa26ad0000 - 0x00007ffa26c06000 	C:\WINDOWS\SYSTEM32\WINHTTP.dll
0x00007ffa29e30000 - 0x00007ffa29e99000 	C:\WINDOWS\system32\mswsock.dll
0x00007ffa12fd0000 - 0x00007ffa12fe6000 	C:\Program Files\Java\jdk-20\bin\nio.dll
0x00007ffa06810000 - 0x00007ffa0682a000 	C:\Program Files\JetBrains\IntelliJ IDEA Community Edition 2023.1.2\bin\breakgen64.dll
0x00007ffa25750000 - 0x00007ffa25757000 	C:\Program Files\Java\jdk-20\bin\extnet.dll
0x00007ffa20ff0000 - 0x00007ffa21000000 	C:\Program Files\Java\jdk-20\bin\verify.dll

dbghelp: loaded successfully - version: 4.0.5 - missing functions: none
symbol engine: initialized successfully - sym options: 0x614 - pdb path: .;C:\Program Files\Java\jdk-20\bin;C:\WINDOWS\SYSTEM32;C:\WINDOWS\WinSxS\amd64_microsoft.windows.common-controls_6595b64144ccf1df_6.0.22621.3672_none_2713b9d173822955;C:\Program Files\Java\jdk-20\bin\server;C:\Program Files\JetBrains\IntelliJ IDEA Community Edition 2023.1.2\bin

VM Arguments:
jvm_args: -javaagent:C:\Program Files\JetBrains\IntelliJ IDEA Community Edition 2023.1.2\lib\idea_rt.jar=62882:C:\Program Files\JetBrains\IntelliJ IDEA Community Edition 2023.1.2\bin -Dfile.encoding=UTF-8 -Dsun.stdout.encoding=UTF-8 -Dsun.stderr.encoding=UTF-8 
java_command: org.example.modelmappers.Main
java_class_path (initial): C:\Users\parra\OneDrive\Escritorio\JavaMapper\JavaMappers\target\classes;C:\Users\parra\.m2\repository\org\modelmapper\modelmapper\3.0.0\modelmapper-3.0.0.jar
Launcher Type: SUN_STANDARD

[Global flags]
     intx CICompilerCount                          = 3                                         {product} {ergonomic}
     uint ConcGCThreads                            = 1                                         {product} {ergonomic}
     uint G1ConcRefinementThreads                  = 4                                         {product} {ergonomic}
   size_t G1HeapRegionSize                         = 2097152                                   {product} {ergonomic}
    uintx GCDrainStackTargetSize                   = 64                                        {product} {ergonomic}
   size_t InitialHeapSize                          = 167772160                                 {product} {ergonomic}
   size_t MarkStackSize                            = 4194304                                   {product} {ergonomic}
   size_t MaxHeapSize                              = 2669674496                                {product} {ergonomic}
   size_t MaxNewSize                               = 1600126976                                {product} {ergonomic}
   size_t MinHeapDeltaBytes                        = 2097152                                   {product} {ergonomic}
   size_t MinHeapSize                              = 8388608                                   {product} {ergonomic}
    uintx NonNMethodCodeHeapSize                   = 5832780                                {pd product} {ergonomic}
    uintx NonProfiledCodeHeapSize                  = 122912730                              {pd product} {ergonomic}
    uintx ProfiledCodeHeapSize                     = 122912730                              {pd product} {ergonomic}
    uintx ReservedCodeCacheSize                    = 251658240                              {pd product} {ergonomic}
     bool SegmentedCodeCache                       = true                                      {product} {ergonomic}
   size_t SoftMaxHeapSize                          = 2669674496                             {manageable} {ergonomic}
     bool UseCompressedClassPointers               = true                           {product lp64_product} {ergonomic}
     bool UseCompressedOops                        = true                           {product lp64_product} {ergonomic}
     bool UseG1GC                                  = true                                      {product} {ergonomic}
     bool UseLargePagesIndividualAllocation        = false                                  {pd product} {ergonomic}

Logging:
Log output configuration:
 #0: stdout all=warning uptime,level,tags foldmultilines=false
 #1: stderr all=off uptime,level,tags foldmultilines=false

Environment Variables:
JAVA_HOME=C:\Program Files\Java\jdk-17
PATH=C:\Users\parra\AppData\Local\Programs\Python\Python311\Scripts\;C:\Users\parra\AppData\Local\Programs\Python\Python311\;C:\Program Files\Common Files\Oracle\Java\javapath;C:\Program Files\National Instruments\Shared\OpenVINO\;C:\WINDOWS\system32;C:\WINDOWS;C:\WINDOWS\System32\Wbem;C:\WINDOWS\System32\WindowsPowerShell\v1.0\;C:\WINDOWS\System32\OpenSSH\;C:\PROGRA~2\PICC;C:\Program Files (x86)\Microsoft SQL Server\80\Tools\Binn\;C:\Program Files (x86)\IVI Foundation\VISA\WinNT\Bin\;C:\Program Files\IVI Foundation\VISA\Win64\Bin\;C:\Program Files (x86)\Microsoft SQL Server\110\Tools\Binn\;C:\Program Files (x86)\Microsoft SQL Server\110\DTS\Binn\;C:\Program Files\Java\jdk-17;C:\Program Files\nodejs\;C:\ProgramData\chocolatey\bin;C:\xampp\php;C:\ProgramData\ComposerSetup\bin;C:\xamp\bin\php;C:\Program Files\Git\cmd;C:\Program Files\MySQL\MySQL Shell 8.0\bin\;C:\Users\parra\AppData\Local\Microsoft\WindowsApps;C:\Program Files\JetBrains\PyCharm Community Edition 2022.3\bin;;C:\Users\parra\AppData\Local\Programs\Microsoft VS Code\bin;C:\Users\parra\AppData\Roaming\npm;C:\Users\parra\AppData\Roaming\Composer\vendor\bin;
USERNAME=parra
OS=Windows_NT
PROCESSOR_IDENTIFIER=AMD64 Family 23 Model 24 Stepping 1, AuthenticAMD
TMP=C:\Users\parra\AppData\Local\Temp
TEMP=C:\Users\parra\AppData\Local\Temp




---------------  S Y S T E M  ---------------

OS:
 Windows 11 , 64 bit Build 22621 (10.0.22621.3958)
OS uptime: 1 days 22:21 hours
Hyper-V role detected

CPU: total 4 (initial active 4) (4 cores per cpu, 2 threads per core) family 23 model 24 stepping 1 microcode 0x0, cx8, cmov, fxsr, ht, mmx, 3dnowpref, sse, sse2, sse3, ssse3, sse4a, sse4.1, sse4.2, popcnt, lzcnt, tsc, tscinvbit, avx, avx2, aes, clmul, bmi1, bmi2, adx, sha, fma, vzeroupper, clflush, clflushopt, hv, rdtscp, f16c

Memory: 4k page, system-wide physical 10178M (1553M free)
TotalPageFile size 12226M (AvailPageFile size 0M)
current process WorkingSet (physical memory assigned to process): 62M, peak: 62M
current process commit charge ("private bytes"): 246M, peak: 246M

vm_info: Java HotSpot(TM) 64-Bit Server VM (20.0.1+9-29) for windows-amd64 JRE (20.0.1+9-29), built on 2023-03-07T13:56:11Z by "mach5one" with MS VC++ 17.1 (VS2022)

END.
